Unity Editor version:    2022.3.42f1 (2dcb6a0abc42)
Branch:                  2022.3/staging
Build type:              Release
Batch mode:              YES
macOS version:           Version 14.4.1 (Build 23E224)
Darwin version:          23.4.0
Architecture:            arm64
Running under Rosetta:   NO
Available memory:        32768 MB
Using pre-set license
Pro License: YES

COMMAND LINE ARGUMENTS:
/Applications/Unity/Hub/Editor/2022.3.42f1/Unity.app/Contents/MacOS/Unity
-adb2
-batchMode
-noUpm
-name
AssetImportWorker0
-projectPath
/Users/rd01/ViewSystemExample
-logFile
Logs/AssetImportWorker0.log
-srvPort
56237
Successfully changed project path to: /Users/rd01/ViewSystemExample
/Users/rd01/ViewSystemExample
[UnityMemory] Configuration Parameters - Can be set up in boot.config
    "memorysetup-bucket-allocator-granularity=16"
    "memorysetup-bucket-allocator-bucket-count=8"
    "memorysetup-bucket-allocator-block-size=33554432"
    "memorysetup-bucket-allocator-block-count=8"
    "memorysetup-main-allocator-block-size=16777216"
    "memorysetup-thread-allocator-block-size=16777216"
    "memorysetup-gfx-main-allocator-block-size=16777216"
    "memorysetup-gfx-thread-allocator-block-size=16777216"
    "memorysetup-cache-allocator-block-size=4194304"
    "memorysetup-typetree-allocator-block-size=2097152"
    "memorysetup-profiler-bucket-allocator-granularity=16"
    "memorysetup-profiler-bucket-allocator-bucket-count=8"
    "memorysetup-profiler-bucket-allocator-block-size=33554432"
    "memorysetup-profiler-bucket-allocator-block-count=8"
    "memorysetup-profiler-allocator-block-size=16777216"
    "memorysetup-profiler-editor-allocator-block-size=1048576"
    "memorysetup-temp-allocator-size-main=16777216"
    "memorysetup-job-temp-allocator-block-size=2097152"
    "memorysetup-job-temp-allocator-block-size-background=1048576"
    "memorysetup-job-temp-allocator-reduction-small-platforms=262144"
    "memorysetup-allocator-temp-initial-block-size-main=262144"
    "memorysetup-allocator-temp-initial-block-size-worker=262144"
    "memorysetup-temp-allocator-size-background-worker=32768"
    "memorysetup-temp-allocator-size-job-worker=262144"
    "memorysetup-temp-allocator-size-preload-manager=33554432"
    "memorysetup-temp-allocator-size-nav-mesh-worker=65536"
    "memorysetup-temp-allocator-size-audio-worker=65536"
    "memorysetup-temp-allocator-size-cloud-worker=32768"
    "memorysetup-temp-allocator-size-gi-baking-worker=262144"
    "memorysetup-temp-allocator-size-gfx=262144"
Player connection [8513911488]  Target information:

Player connection [8513911488]  * "[IP] 10.0.4.128 [Port] 0 [Flags] 2 [Guid] 1011864740 [EditorId] 1011864740 [Version] 1048832 [Id] OSXEditor(0,Mac-Studio-3.local) [Debug] 1 [PackageName] OSXEditor [ProjectName] Editor" 

Player connection [8513911488]  * "[IP] 10.0.4.8 [Port] 0 [Flags] 2 [Guid] 1011864740 [EditorId] 1011864740 [Version] 1048832 [Id] OSXEditor(0,Mac-Studio-3.local) [Debug] 1 [PackageName] OSXEditor [ProjectName] Editor" 

Player connection [8513911488] Host joined multi-casting on [225.0.0.222:54997]...
Player connection [8513911488] Host joined alternative multi-casting on [225.0.0.222:34997]...
[PhysX] Initialized MultithreadedTaskDispatcher with 10 workers.
Refreshing native plugins compatible for Editor in 4.65 ms, found 2 plugins.
Preloading 0 native plugins for Editor in 0.00 ms.
Initialize engine version: 2022.3.42f1 (2dcb6a0abc42)
[Subsystems] Discovering subsystems at path /Applications/Unity/Hub/Editor/2022.3.42f1/Unity.app/Contents/Resources/UnitySubsystems
[Subsystems] Discovering subsystems at path /Users/rd01/ViewSystemExample/Assets
GfxDevice: creating device client; threaded=0; jobified=0
 preferred device: Apple M1 Max (high power)
Metal devices available: 1
0: Apple M1 Max (high power)
Using device Apple M1 Max (high power)
Initializing Metal device caps: Apple M1 Max
Property (_MainTex) already exists. Use SetTexture instead.
Initialize mono
Mono path[0] = '/Applications/Unity/Hub/Editor/2022.3.42f1/Unity.app/Contents/Managed'
Mono path[1] = '/Applications/Unity/Hub/Editor/2022.3.42f1/Unity.app/Contents/MonoBleedingEdge/lib/mono/unityjit-macos'
Mono config path = '/Applications/Unity/Hub/Editor/2022.3.42f1/Unity.app/Contents/MonoBleedingEdge/etc'
Using monoOptions --debugger-agent=transport=dt_socket,embedding=1,server=y,suspend=n,address=127.0.0.1:56308
Begin MonoManager ReloadAssembly
Registering precompiled unity dll's ...
Register platform support module: /Applications/Unity/Hub/Editor/2022.3.42f1/Unity.app/Contents/PlaybackEngines/MacStandaloneSupport/UnityEditor.OSXStandalone.Extensions.dll
Register platform support module: /Applications/Unity/Hub/Editor/2022.3.42f1/PlaybackEngines/AndroidPlayer/UnityEditor.Android.Extensions.dll
Register platform support module: /Applications/Unity/Hub/Editor/2022.3.42f1/PlaybackEngines/iOSSupport/UnityEditor.iOS.Extensions.dll
Registered in 0.001245 seconds.
- Loaded All Assemblies, in  0.227 seconds
[usbmuxd] Start listen thread
[usbmuxd] Listen thread started
[usbmuxd] Send listen message
Native extension for iOS target not found
Native extension for Android target not found
Android Extension - Scanning For ADB Devices 90 ms
Native extension for OSXStandalone target not found
Mono: successfully reloaded assembly
- Finished resetting the current domain, in  0.326 seconds
Domain Reload Profiling: 553ms
	BeginReloadAssembly (57ms)
		ExecutionOrderSort (0ms)
		DisableScriptedObjects (0ms)
		BackupInstance (0ms)
		ReleaseScriptingObjects (0ms)
		CreateAndSetChildDomain (0ms)
	RebuildCommonClasses (25ms)
	RebuildNativeTypeToScriptingClass (9ms)
	initialDomainReloadingComplete (33ms)
	LoadAllAssembliesAndSetupDomain (103ms)
		LoadAssemblies (56ms)
		RebuildTransferFunctionScriptingTraits (0ms)
		AnalyzeDomain (102ms)
			TypeCache.Refresh (100ms)
				TypeCache.ScanAssembly (90ms)
			ScanForSourceGeneratedMonoScriptInfo (0ms)
			ResolveRequiredComponents (0ms)
	FinalizeReload (326ms)
		ReleaseScriptCaches (0ms)
		RebuildScriptCaches (0ms)
		SetupLoadedEditorAssemblies (297ms)
			LogAssemblyErrors (0ms)
			InitializePlatformSupportModulesInManaged (208ms)
			SetLoadedEditorAssemblies (3ms)
			RefreshPlugins (0ms)
			BeforeProcessingInitializeOnLoad (1ms)
			ProcessInitializeOnLoadAttributes (60ms)
			ProcessInitializeOnLoadMethodAttributes (25ms)
			AfterProcessingInitializeOnLoad (0ms)
			EditorAssembliesLoaded (0ms)
		ExecutionOrderSort2 (0ms)
		AwakeInstancesAfterBackupRestoration (0ms)
Script 'Packages/com.macacagames.adfactory/IAdManagerImpl/UnityAdManager.cs' will not be compiled because it exists outside the Assets folder and does not to belong to any assembly definition file.
Script 'Packages/com.macacagames.macacaapi/Test/CM_CallbackTest.cs' will not be compiled because it exists outside the Assets folder and does not to belong to any assembly definition file.
Script 'Packages/com.macacagames.macacaapi/Test/CloudMacacaAPITest.cs' will not be compiled because it exists outside the Assets folder and does not to belong to any assembly definition file.
Script 'Packages/com.macacagames.adfactory/IAdManagerImpl/IronSourceManager.cs' will not be compiled because it exists outside the Assets folder and does not to belong to any assembly definition file.
Script 'Packages/com.macacagames.adfactory/IAdManagerImpl/EmptyImplAdManager.cs' will not be compiled because it exists outside the Assets folder and does not to belong to any assembly definition file.
Script 'Packages/com.macacagames.adfactory/IAdManagerImpl/AdMobManager.cs' will not be compiled because it exists outside the Assets folder and does not to belong to any assembly definition file.
========================================================================
Worker process is ready to serve import requests
Caller must complete domain reload
Script 'Packages/com.macacagames.adfactory/IAdManagerImpl/UnityAdManager.cs' will not be compiled because it exists outside the Assets folder and does not to belong to any assembly definition file.
Script 'Packages/com.macacagames.macacaapi/Test/CM_CallbackTest.cs' will not be compiled because it exists outside the Assets folder and does not to belong to any assembly definition file.
Script 'Packages/com.macacagames.macacaapi/Test/CloudMacacaAPITest.cs' will not be compiled because it exists outside the Assets folder and does not to belong to any assembly definition file.
Script 'Packages/com.macacagames.adfactory/IAdManagerImpl/IronSourceManager.cs' will not be compiled because it exists outside the Assets folder and does not to belong to any assembly definition file.
Script 'Packages/com.macacagames.adfactory/IAdManagerImpl/EmptyImplAdManager.cs' will not be compiled because it exists outside the Assets folder and does not to belong to any assembly definition file.
Script 'Packages/com.macacagames.adfactory/IAdManagerImpl/AdMobManager.cs' will not be compiled because it exists outside the Assets folder and does not to belong to any assembly definition file.
Begin MonoManager ReloadAssembly
- Loaded All Assemblies, in  0.394 seconds
Native extension for iOS target not found
Native extension for Android target not found
Native extension for OSXStandalone target not found
Script 'Packages/com.macacagames.adfactory/IAdManagerImpl/UnityAdManager.cs' will not be compiled because it exists outside the Assets folder and does not to belong to any assembly definition file.
Script 'Packages/com.macacagames.macacaapi/Test/CM_CallbackTest.cs' will not be compiled because it exists outside the Assets folder and does not to belong to any assembly definition file.
Script 'Packages/com.macacagames.macacaapi/Test/CloudMacacaAPITest.cs' will not be compiled because it exists outside the Assets folder and does not to belong to any assembly definition file.
Script 'Packages/com.macacagames.adfactory/IAdManagerImpl/IronSourceManager.cs' will not be compiled because it exists outside the Assets folder and does not to belong to any assembly definition file.
Script 'Packages/com.macacagames.adfactory/IAdManagerImpl/EmptyImplAdManager.cs' will not be compiled because it exists outside the Assets folder and does not to belong to any assembly definition file.
Script 'Packages/com.macacagames.adfactory/IAdManagerImpl/AdMobManager.cs' will not be compiled because it exists outside the Assets folder and does not to belong to any assembly definition file.
Package Manager log level set to [2]
[Package Manager] Server::EnsureServerProcessIsRunning -- launch failed, reason: Unity was launched with the -noUpm command-line argument
[Package Manager] UpmClient::Send -- Unable to send message (not connected to UPM process).
[Package Manager] Cannot connect to Unity Package Manager local server
Mono: successfully reloaded assembly
- Finished resetting the current domain, in  0.415 seconds
Domain Reload Profiling: 810ms
	BeginReloadAssembly (74ms)
		ExecutionOrderSort (0ms)
		DisableScriptedObjects (3ms)
		BackupInstance (0ms)
		ReleaseScriptingObjects (0ms)
		CreateAndSetChildDomain (17ms)
	RebuildCommonClasses (23ms)
	RebuildNativeTypeToScriptingClass (8ms)
	initialDomainReloadingComplete (21ms)
	LoadAllAssembliesAndSetupDomain (268ms)
		LoadAssemblies (200ms)
		RebuildTransferFunctionScriptingTraits (0ms)
		AnalyzeDomain (102ms)
			TypeCache.Refresh (86ms)
				TypeCache.ScanAssembly (74ms)
			ScanForSourceGeneratedMonoScriptInfo (9ms)
			ResolveRequiredComponents (6ms)
	FinalizeReload (415ms)
		ReleaseScriptCaches (0ms)
		RebuildScriptCaches (0ms)
		SetupLoadedEditorAssemblies (315ms)
			LogAssemblyErrors (0ms)
			InitializePlatformSupportModulesInManaged (23ms)
			SetLoadedEditorAssemblies (2ms)
			RefreshPlugins (0ms)
			BeforeProcessingInitializeOnLoad (56ms)
			ProcessInitializeOnLoadAttributes (193ms)
			ProcessInitializeOnLoadMethodAttributes (40ms)
			AfterProcessingInitializeOnLoad (1ms)
			EditorAssembliesLoaded (0ms)
		ExecutionOrderSort2 (0ms)
		AwakeInstancesAfterBackupRestoration (2ms)
Property (_MainTex) already exists. Use SetTexture instead.
Launching external process: /Applications/Unity/Hub/Editor/2022.3.42f1/Unity.app/Contents/Tools/UnityShaderCompiler
Launched and connected shader compiler UnityShaderCompiler after 0.03 seconds
Refreshing native plugins compatible for Editor in 2.02 ms, found 2 plugins.
Preloading 0 native plugins for Editor in 0.00 ms.
Unloading 3556 Unused Serialized files (Serialized files now loaded: 0)
Unloading 23 unused Assets / (424.7 KB). Loaded Objects now: 4022.
Memory consumption went from 201.0 MB to 200.6 MB.
Total: 2.655625 ms (FindLiveObjects: 0.114375 ms CreateObjectMapping: 0.041667 ms MarkObjects: 2.308041 ms  DeleteObjects: 0.190708 ms)

AssetImportParameters requested are different than current active one (requested -> active):
  custom:container-demuxer-ogg: 62fdf1f143b41e24485cea50d1cbac27 -> 
  custom:video-decoder-ogg-theora: a1e56fd34408186e4bbccfd4996cb3dc -> 
  custom:CustomObjectIndexerAttribute: 72b91833f83ae208fae7752999fa3104 -> 
  custom:container-demuxer-webm: 4f35f7cbe854078d1ac9338744f61a02 -> 
  custom:container-muxer-webm: aa71ff27fc2769a1b78a27578f13a17b -> 
  custom:video-decoder-webm-vp8: 9c59270c3fd7afecdb556c50c9e8de78 -> 
  custom:SearchIndexIgnoredProperties: e643bd26f0fe6173181afceb89e7c659 -> 
  custom:AudioImporter_EditorPlatform: 3918e3fc78b5a79bad01e8451be0beb8 -> 
  custom:framework-osx-AVFoundation: e770b220cccbd017edd2c1fefb359320 -> 
  custom:video-encoder-webm-vp8: eb34c28f22e8b96e1ab97ce403110664 -> 
  custom:audio-decoder-ogg-vorbis: bf7c407c2cedff20999df2af8eb42d56 -> 
  custom:audio-encoder-webm-vorbis: bf7c407c2cedff20999df2af8eb42d56 -> 
========================================================================
Received Import Request.
  Time since last request: 2208268.404556 seconds.
  path: Assets/_Game/Scripts/TaskUtils.cs
  artifactKey: Guid(1d8fa989221c4ab8bcb7da3bf362191c) Importer(815301076,1909f56bfc062723c751e8b465ee728b)
Start importing Assets/_Game/Scripts/TaskUtils.cs using Guid(1d8fa989221c4ab8bcb7da3bf362191c) Importer(815301076,1909f56bfc062723c751e8b465ee728b) [PhysX] Initialized MultithreadedTaskDispatcher with 10 workers.
 -> (artifact id: 'd20defc57ddacb2ad84b48d8a9b7e9c5') in 0.001216 seconds
Number of updated asset objects reloaded before import = 0
Number of asset objects unloaded after import = 0
========================================================================
Received Prepare
Script 'Packages/com.macacagames.adfactory/IAdManagerImpl/UnityAdManager.cs' will not be compiled because it exists outside the Assets folder and does not to belong to any assembly definition file.
Script 'Packages/com.macacagames.macacaapi/Test/CM_CallbackTest.cs' will not be compiled because it exists outside the Assets folder and does not to belong to any assembly definition file.
Script 'Packages/com.macacagames.macacaapi/Test/CloudMacacaAPITest.cs' will not be compiled because it exists outside the Assets folder and does not to belong to any assembly definition file.
Script 'Packages/com.macacagames.adfactory/IAdManagerImpl/IronSourceManager.cs' will not be compiled because it exists outside the Assets folder and does not to belong to any assembly definition file.
Script 'Packages/com.macacagames.adfactory/IAdManagerImpl/EmptyImplAdManager.cs' will not be compiled because it exists outside the Assets folder and does not to belong to any assembly definition file.
Script 'Packages/com.macacagames.adfactory/IAdManagerImpl/AdMobManager.cs' will not be compiled because it exists outside the Assets folder and does not to belong to any assembly definition file.
Caller must complete domain reload
Script 'Packages/com.macacagames.adfactory/IAdManagerImpl/UnityAdManager.cs' will not be compiled because it exists outside the Assets folder and does not to belong to any assembly definition file.
Script 'Packages/com.macacagames.macacaapi/Test/CM_CallbackTest.cs' will not be compiled because it exists outside the Assets folder and does not to belong to any assembly definition file.
Script 'Packages/com.macacagames.macacaapi/Test/CloudMacacaAPITest.cs' will not be compiled because it exists outside the Assets folder and does not to belong to any assembly definition file.
Script 'Packages/com.macacagames.adfactory/IAdManagerImpl/IronSourceManager.cs' will not be compiled because it exists outside the Assets folder and does not to belong to any assembly definition file.
Script 'Packages/com.macacagames.adfactory/IAdManagerImpl/EmptyImplAdManager.cs' will not be compiled because it exists outside the Assets folder and does not to belong to any assembly definition file.
Script 'Packages/com.macacagames.adfactory/IAdManagerImpl/AdMobManager.cs' will not be compiled because it exists outside the Assets folder and does not to belong to any assembly definition file.
Begin MonoManager ReloadAssembly
Thread 0x16db47000 may have been prematurely finalized
- Loaded All Assemblies, in  0.306 seconds
Native extension for iOS target not found
Native extension for Android target not found
Native extension for OSXStandalone target not found
Script 'Packages/com.macacagames.adfactory/IAdManagerImpl/UnityAdManager.cs' will not be compiled because it exists outside the Assets folder and does not to belong to any assembly definition file.
Script 'Packages/com.macacagames.macacaapi/Test/CM_CallbackTest.cs' will not be compiled because it exists outside the Assets folder and does not to belong to any assembly definition file.
Script 'Packages/com.macacagames.macacaapi/Test/CloudMacacaAPITest.cs' will not be compiled because it exists outside the Assets folder and does not to belong to any assembly definition file.
Script 'Packages/com.macacagames.adfactory/IAdManagerImpl/IronSourceManager.cs' will not be compiled because it exists outside the Assets folder and does not to belong to any assembly definition file.
Script 'Packages/com.macacagames.adfactory/IAdManagerImpl/EmptyImplAdManager.cs' will not be compiled because it exists outside the Assets folder and does not to belong to any assembly definition file.
Script 'Packages/com.macacagames.adfactory/IAdManagerImpl/AdMobManager.cs' will not be compiled because it exists outside the Assets folder and does not to belong to any assembly definition file.
[Package Manager] Server::EnsureServerProcessIsRunning -- launch failed, reason: Unity was launched with the -noUpm command-line argument
[Package Manager] UpmClient::Send -- Unable to send message (not connected to UPM process).
[Package Manager] Cannot connect to Unity Package Manager local server
Mono: successfully reloaded assembly
- Finished resetting the current domain, in  0.761 seconds
Domain Reload Profiling: 1068ms
	BeginReloadAssembly (104ms)
		ExecutionOrderSort (0ms)
		DisableScriptedObjects (3ms)
		BackupInstance (0ms)
		ReleaseScriptingObjects (0ms)
		CreateAndSetChildDomain (41ms)
	RebuildCommonClasses (23ms)
	RebuildNativeTypeToScriptingClass (10ms)
	initialDomainReloadingComplete (14ms)
	LoadAllAssembliesAndSetupDomain (154ms)
		LoadAssemblies (159ms)
		RebuildTransferFunctionScriptingTraits (0ms)
		AnalyzeDomain (30ms)
			TypeCache.Refresh (10ms)
				TypeCache.ScanAssembly (3ms)
			ScanForSourceGeneratedMonoScriptInfo (14ms)
			ResolveRequiredComponents (6ms)
	FinalizeReload (761ms)
		ReleaseScriptCaches (0ms)
		RebuildScriptCaches (0ms)
		SetupLoadedEditorAssemblies (272ms)
			LogAssemblyErrors (0ms)
			InitializePlatformSupportModulesInManaged (22ms)
			SetLoadedEditorAssemblies (2ms)
			RefreshPlugins (0ms)
			BeforeProcessingInitializeOnLoad (40ms)
			ProcessInitializeOnLoadAttributes (175ms)
			ProcessInitializeOnLoadMethodAttributes (31ms)
			AfterProcessingInitializeOnLoad (1ms)
			EditorAssembliesLoaded (0ms)
		ExecutionOrderSort2 (0ms)
		AwakeInstancesAfterBackupRestoration (3ms)
Property (_MainTex) already exists. Use SetTexture instead.
Refreshing native plugins compatible for Editor in 1.80 ms, found 2 plugins.
Preloading 0 native plugins for Editor in 0.00 ms.
Unloading 3425 Unused Serialized files (Serialized files now loaded: 0)
Unloading 18 unused Assets / (402.6 KB). Loaded Objects now: 4096.
Memory consumption went from 170.1 MB to 169.7 MB.
Total: 2.517834 ms (FindLiveObjects: 0.109875 ms CreateObjectMapping: 0.040583 ms MarkObjects: 2.236000 ms  DeleteObjects: 0.130875 ms)

Prepare: number of updated asset objects reloaded= 0
AssetImportParameters requested are different than current active one (requested -> active):
  custom:scripting/monoscript/fileName/MainGamePlayData.cs: 0b9531afbd019344a52b042a7f2f6699 -> 
  custom:scripting/monoscript/fileName/ViewElementAnimationGroupAsset.cs: d62572e5bd9b4b18f5d5487bd0851f2d -> 
  custom:scripting/monoscript/fileName/ViewSystemDataReaderV2.cs: 496a2a71e699c445e3fff62253581ca6 -> 
  custom:scripting/precompiled-assembly-types:Macaca.ViewSystem: 446fcc1e1bfeaae0a20aa755f1a740b1 -> 
  custom:scripting/monoscript/fileName/ViewSystemEditHelper.cs: 010b9e08c72d8739be31f5493a1e11e3 -> 
  custom:scripting/monoscript/fileName/ViewSystemScriptBaker.cs: f247c08768b69256ff86a11c05ca86ee -> 
  custom:scripting/monoscript/fileName/TaskUtils.cs: c6a51231188f6116c4c30286c5992695 -> 
  custom:container-demuxer-ogg: 62fdf1f143b41e24485cea50d1cbac27 -> 
  custom:scripting/monoscript/fileName/UI_NavBtn.cs: e151e7bd8c5722987061deae07e73247 -> 
  custom:scripting/monoscript/fileName/ViewSystemAttribute.cs: d549cdf4f27413dd21942afbd640c8df -> 
  custom:scripting/monoscript/fileName/EditorUtility.cs: ef891b2d8e3a86efb70815bfa272a34c -> 
  custom:scripting/monoscript/fileName/TestInstance.cs: d4fe8c00062c5f677f760b379a159124 -> 
  custom:scripting/monoscript/fileName/ViewSystemGlobalSettingWindow.cs: 70d3d77585b526714008dc64b1593ea1 -> 
  custom:scripting/monoscript/fileName/ViewSystemLayoutRebuilder.cs: edacbc8d4d8858a18967210ed953c7a9 -> 
  custom:scripting/monoscript/fileName/ViewSystemDropdownAttribute.cs: 1c4b56eb9d196708b88ac08f87ab25da -> 
  custom:scripting/monoscript/fileName/ViewControllerEditor.cs: 23849a361c52a4b25d243e8fdb03f647 -> 
  custom:video-decoder-ogg-theora: a1e56fd34408186e4bbccfd4996cb3dc -> 
  custom:scripting/monoscript/fileName/ViewPageOrderWindow.cs: 060cc4d4699d5802e9912c3dcdcba285 -> 
  custom:scripting/monoscript/fileName/ViewSystemRectTransformEditor.cs: 94a8d6c0be14e9b32fd988c8882b2f1b -> 
  custom:scripting/monoscript/fileName/ComponentTreeView.cs: cd1c041ba8cd36de9cc62b9d165b0d54 -> 
  custom:scripting/monoscript/fileName/ViewElementGroup.cs: 0824d6ff9ab6498e52cc303d60ac494c -> 
  custom:scripting/monoscript/fileName/ViewElementEditor.cs: c9a4620f74fd88ab0babb40e02144974 -> 
  custom:scripting/monoscript/fileName/ViewElementOverrideHelper.cs: a7db2a44ca729af6491950fc1a6a379e -> 
  custom:scripting/monoscript/fileName/TrailParticle.cs: 8a3d9023929382845b42cf69b04f7792 -> 
  custom:scripting/monoscript/fileName/ViewSystemUtilitys.cs: 701c1880ca2c8ac5e0208d59cdfa621f -> 
  custom:scripting/monoscript/fileName/ViewSystemNodeWindow.cs: 497a518f67b89b71e06e96b647362a3b -> 
  custom:CustomObjectIndexerAttribute: 72b91833f83ae208fae7752999fa3104 -> 
  custom:scripting/monoscript/fileName/EditorExtensionMethods.cs: 658a646540cdba0890b8667242dc3007 -> 
  custom:scripting/monoscript/fileName/ViewElementBehaviour.cs: 59e92bfff095302ec63d29866e03870c -> 
  custom:scripting/monoscript/fileName/ViewSystemVerifier.cs: 08a733bde99b97c42ad082a250d03de4 -> 
  custom:scripting/monoscript/fileName/UIManager.cs: 2595dc2cbd41cc2d023a3ebb28d87e9e -> 
  custom:scripting/monoscript/fileName/ViewBreakpointWindow.cs: a64101dd7d4b88315c3e82fff329f5db -> 
  custom:scripting/monoscript/fileName/ViewElement.cs: 69ffe10f623b789ead3a4ef69bf29936 -> 
  custom:container-demuxer-webm: 4f35f7cbe854078d1ac9338744f61a02 -> 
  custom:scripting/monoscript/fileName/AutoOverrideAttribute.cs: 8933d4958ddbb3eed1e93f043c267373 -> 
  custom:scripting/monoscript/fileName/ViewElementRequestedPool.cs: 50a641b3234891e67e4570e220aec224 -> 
  custom:scripting/precompiled-assembly-types:Macaca.ViewSystem.Editor: 82aefc47d7a7e2641ffc8c664ccd5ddf -> 
  custom:scripting/monoscript/fileName/ViewSystemNodeModel.cs: 4e49f57d10fe2f36ce2b7cda59a37c61 -> 
  custom:scripting/monoscript/fileName/ViewElementAnimationModel.cs: 3a7dafca1f4e9848a71e79e69face7ed -> 
  custom:scripting/monoscript/fileName/ViewSystemNodeInspector.cs: 0825c2e1a908b665a2c079d29cda69f8 -> 
  custom:scripting/monoscript/fileName/ViewMarginFixerEditor.cs: e2651bf7e4c274a3098932f286a7568f -> 
  custom:scripting/monoscript/fileName/ViewElementPool.cs: ea10dc029a83aa5048e6496f6882c0c5 -> 
  custom:scripting/monoscript/fileName/OverridePropertyDrawer.cs: df66614b6d5ac85aec4fec701a9ab3bb -> 
  custom:scripting/monoscript/fileName/HierarchyTreeView.cs: 9a0e1bd9da70ca6754b69c65f08558b2 -> 
  custom:scripting/monoscript/fileName/NonDrawingGraphic.cs: 127463a4d8383f4b28a1e209fe278d00 -> 
  custom:scripting/monoscript/fileName/ViewSystemEditorHelper.cs: d26b0356b935b995f180e9a584b56d26 -> 
  custom:scripting/monoscript/fileName/ViewMarginFixer.cs: d6bfc7178b84ddcf7cc94d2dc1967f5b -> 
  custom:container-muxer-webm: aa71ff27fc2769a1b78a27578f13a17b -> 
  custom:scripting/monoscript/fileName/UI_NavigationBar.cs: c1949acf47bc3603a481bf279fc19fd1 -> 
  custom:scripting/monoscript/fileName/ViewElementLifeCycle.cs: 7d78c0be3b8460ad4c43bce9c2618d88 -> 
  custom:scripting/monoscript/fileName/ViewPageNavigationWindow.cs: 0897b379d1751f3d8a2193d54b89a252 -> 
  custom:scripting/monoscript/fileName/SimpleShowOverlayPageButton.cs: 131b48241f2bd9475fc01fb820b59ffe -> 
  custom:video-decoder-webm-vp8: 9c59270c3fd7afecdb556c50c9e8de78 -> 
  custom:scripting/monoscript/fileName/UI_MessageBox.cs: a6d63200b735b9a2ed92c75666a9b7c4 -> 
  custom:scripting/monoscript/fileName/PageChanger.cs: d9783c9d53d676dd58faa4f78790bcd5 -> 
  custom:scripting/monoscript/fileName/ViewInjectDictionary.cs: 8cb898c4da42403284931d5bc57adc79 -> 
  custom:scripting/monoscript/fileName/ViewController.cs: bd4622f528d828762b056a95c51d08e9 -> 
  custom:scripting/monoscript/fileName/ViewElementAnimation.cs: 344ba899ff6db33b05ed8b79f1e90295 -> 
  custom:scripting/monoscript/fileName/Drawer.cs: f92f6d06df7b12e478197230e573d317 -> a3d71c919eb2db7b305ff4685b9b28bc
  custom:scripting/monoscript/fileName/OverridePopupWindow.cs: c846e17f1d636e1c20afff22b307ab5b -> 
  custom:SearchIndexIgnoredProperties: e643bd26f0fe6173181afceb89e7c659 -> 
  custom:scripting/monoscript/fileName/ViewElementOverridesImporterWindow.cs: 8874c98d8aaa5bcc33259911c5e06b91 -> 
  custom:AudioImporter_EditorPlatform: 3918e3fc78b5a79bad01e8451be0beb8 -> 
  custom:scripting/monoscript/fileName/SimpleLeaveOverlayPageButton.cs: 7d68579889bfe7b0b86a621043b9acd1 -> 
  custom:scripting/monoscript/fileName/MicroCoroutine.cs: 3c9a49a24faad196584580ad2a2e545d -> 
  custom:scripting/monoscript/fileName/ViewSystemDropdownDrawer.cs: 6388b048cf9eb64e84b4b52c33def31b -> 
  custom:scripting/monoscript/fileName/ViewRuntimeOverride.cs: 8f3da84ed5acdc01c5484029655dc9e4 -> 
  custom:framework-osx-AVFoundation: e770b220cccbd017edd2c1fefb359320 -> 
  custom:scripting/monoscript/fileName/ReferenceLinker.cs: c45025882a4c2b7e99ad3af62da7b3d2 -> 
  custom:scripting/monoscript/fileName/ViewSystemVisualEditor.cs: d1eca669f1c28adb5658fea3ea6e9506 -> 
  custom:scripting/monoscript/fileName/UIFlippable.cs: 77dcb1553ec2cf291c44b44571b0ee7e -> 
  custom:scripting/monoscript/fileName/ViewElementRuntimePoolEditor.cs: 201ce7e3830d23a5f7bd23982efd9816 -> 
  custom:video-encoder-webm-vp8: eb34c28f22e8b96e1ab97ce403110664 -> 
  custom:scripting/monoscript/fileName/UI_SkewedImageEditor.cs: 4c7c4da58b00d38fe9267794469c7c9e -> 
  custom:audio-decoder-ogg-vorbis: bf7c407c2cedff20999df2af8eb42d56 -> 
  custom:scripting/monoscript/fileName/ViewPageNodeSaveData.cs: 7cc0d31298c64190556bc0617bafe0b9 -> 
  custom:scripting/monoscript/fileName/ViewStateBehaviour.cs: 913f6c2c6f251737049622f16d148188 -> 
  custom:scripting/monoscript/fileName/SafePadding.cs: 843d07a03320f57e1d4cb013631f8f2c -> 
  custom:scripting/monoscript/fileName/NonDrawingGraphicEditor.cs: 37eb2a98d4ec5ff25d13d40816e58bcd -> 
  custom:scripting/monoscript/fileName/IViewElementLifeCycle.cs: 699ed9baecca77bea5fa2b196c66ae8b -> 
  custom:scripting/monoscript/fileName/ViewElementRuntimePool.cs: 50a53669abc439c180ee5c5eae8b6af4 -> 
  custom:scripting/monoscript/fileName/BuildCommand.cs: deb4f91d880efdf3b6b2f41a76d87406 -> 
  custom:scripting/monoscript/fileName/ViewPageModel.cs: dae0edbbad08de885cdb70f74da4f0f3 -> 
  custom:scripting/monoscript/fileName/UI_SkewedImage.cs: 987aa98c3c69ad24a70efd3236bf0af6 -> 
  custom:scripting/monoscript/fileName/NestedViewElementEditor.cs: c3ed9b8579f96e27946ab952f9f6a624 -> 
  custom:scripting/monoscript/fileName/ViewStateNodeSaveData.cs: ea8c178e958a08f728b9fcd88d2c96d9 -> 
  custom:scripting/monoscript/fileName/ViewElementAnimationGroupDrawer.cs: fe502aa5aa0eacc7507c04bf531ca984 -> 
  custom:audio-encoder-webm-vorbis: bf7c407c2cedff20999df2af8eb42d56 -> 
  custom:scripting/monoscript/fileName/IViewElementSingleton.cs: a9cd43626ddc2f303d4bf823844c9993 -> 
  custom:scripting/precompiled-assembly-types:Assembly-CSharp-Editor: 23bdcf31080a9bcfd601b9d8b28f4900 -> 
  custom:scripting/monoscript/fileName/NestedViewElement.cs: bc2d1feb22d0ecabc5b94f026042c25b -> 
  custom:scripting/monoscript/fileName/ViewSystemLog.cs: b5041d19110094134544ea9b4f9b391a -> 
  custom:scripting/monoscript/fileName/ViewControllerBase.cs: 3fcca7348aa90e9e8d781f0ccc7ccb0a -> 
  custom:scripting/monoscript/fileName/TrailParticlePool.cs: 822ed29e25e93b8d88a78e00f80f6a32 -> 
  custom:scripting/precompiled-assembly-types:Assembly-CSharp: 7fa8b6becaff46f28a094f77c094a10b -> 
  custom:scripting/monoscript/fileName/ViewSystemScriptable.cs: 209d3e38817e497a0d46c60311a34e28 -> 
  custom:scripting/monoscript/fileName/ViewSystemNodeConsole.cs: fdcd243a467ffff985b6a353c173812b -> 
  custom:scripting/monoscript/fileName/UI_MessageBubble.cs: 10260be31a728988db00391f59f59440 -> 
  custom:scripting/monoscript/fileName/ViewSystemSaveData.cs: 95052630c5b931218a30f5a6c9b3a460 -> 
  custom:scripting/monoscript/fileName/IViewElementOverrideListener.cs: 3107cfb1b4ddb17e8679c8c93384fa00 -> 
  custom:scripting/monoscript/fileName/SimpleChangePageButton.cs: 55e32f1a6c592d68e11593a2996a35aa -> 
  custom:scripting/monoscript/fileName/ViewElementOverrideAsset.cs: f526c4c1792d3b85f1900258c44df9c4 -> 
========================================================================
Received Import Request.
  Time since last request: 409.276251 seconds.
  path: Assets/_Game/Scripts/TaskUtils.cs
  artifactKey: Guid(1d8fa989221c4ab8bcb7da3bf362191c) Importer(815301076,1909f56bfc062723c751e8b465ee728b)
Start importing Assets/_Game/Scripts/TaskUtils.cs using Guid(1d8fa989221c4ab8bcb7da3bf362191c) Importer(815301076,1909f56bfc062723c751e8b465ee728b) [PhysX] Initialized MultithreadedTaskDispatcher with 10 workers.
 -> (artifact id: '6299eef3df0d598aa94f1bcc9462d2f8') in 0.001134 seconds
Number of updated asset objects reloaded before import = 0
Number of asset objects unloaded after import = 0
========================================================================
Received Prepare
Script 'Packages/com.macacagames.adfactory/IAdManagerImpl/UnityAdManager.cs' will not be compiled because it exists outside the Assets folder and does not to belong to any assembly definition file.
Script 'Packages/com.macacagames.macacaapi/Test/CM_CallbackTest.cs' will not be compiled because it exists outside the Assets folder and does not to belong to any assembly definition file.
Script 'Packages/com.macacagames.macacaapi/Test/CloudMacacaAPITest.cs' will not be compiled because it exists outside the Assets folder and does not to belong to any assembly definition file.
Script 'Packages/com.macacagames.adfactory/IAdManagerImpl/IronSourceManager.cs' will not be compiled because it exists outside the Assets folder and does not to belong to any assembly definition file.
Script 'Packages/com.macacagames.adfactory/IAdManagerImpl/EmptyImplAdManager.cs' will not be compiled because it exists outside the Assets folder and does not to belong to any assembly definition file.
Script 'Packages/com.macacagames.adfactory/IAdManagerImpl/AdMobManager.cs' will not be compiled because it exists outside the Assets folder and does not to belong to any assembly definition file.
Caller must complete domain reload
Script 'Packages/com.macacagames.adfactory/IAdManagerImpl/UnityAdManager.cs' will not be compiled because it exists outside the Assets folder and does not to belong to any assembly definition file.
Script 'Packages/com.macacagames.macacaapi/Test/CM_CallbackTest.cs' will not be compiled because it exists outside the Assets folder and does not to belong to any assembly definition file.
Script 'Packages/com.macacagames.macacaapi/Test/CloudMacacaAPITest.cs' will not be compiled because it exists outside the Assets folder and does not to belong to any assembly definition file.
Script 'Packages/com.macacagames.adfactory/IAdManagerImpl/IronSourceManager.cs' will not be compiled because it exists outside the Assets folder and does not to belong to any assembly definition file.
Script 'Packages/com.macacagames.adfactory/IAdManagerImpl/EmptyImplAdManager.cs' will not be compiled because it exists outside the Assets folder and does not to belong to any assembly definition file.
Script 'Packages/com.macacagames.adfactory/IAdManagerImpl/AdMobManager.cs' will not be compiled because it exists outside the Assets folder and does not to belong to any assembly definition file.
Begin MonoManager ReloadAssembly
Thread 0x16b9c3000 may have been prematurely finalized
- Loaded All Assemblies, in  0.223 seconds
Native extension for iOS target not found
Native extension for Android target not found
Native extension for OSXStandalone target not found
Script 'Packages/com.macacagames.adfactory/IAdManagerImpl/UnityAdManager.cs' will not be compiled because it exists outside the Assets folder and does not to belong to any assembly definition file.
Script 'Packages/com.macacagames.macacaapi/Test/CM_CallbackTest.cs' will not be compiled because it exists outside the Assets folder and does not to belong to any assembly definition file.
Script 'Packages/com.macacagames.macacaapi/Test/CloudMacacaAPITest.cs' will not be compiled because it exists outside the Assets folder and does not to belong to any assembly definition file.
Script 'Packages/com.macacagames.adfactory/IAdManagerImpl/IronSourceManager.cs' will not be compiled because it exists outside the Assets folder and does not to belong to any assembly definition file.
Script 'Packages/com.macacagames.adfactory/IAdManagerImpl/EmptyImplAdManager.cs' will not be compiled because it exists outside the Assets folder and does not to belong to any assembly definition file.
Script 'Packages/com.macacagames.adfactory/IAdManagerImpl/AdMobManager.cs' will not be compiled because it exists outside the Assets folder and does not to belong to any assembly definition file.
[Package Manager] Server::EnsureServerProcessIsRunning -- launch failed, reason: Unity was launched with the -noUpm command-line argument
[Package Manager] UpmClient::Send -- Unable to send message (not connected to UPM process).
[Package Manager] Cannot connect to Unity Package Manager local server
Mono: successfully reloaded assembly
- Finished resetting the current domain, in  0.695 seconds
Domain Reload Profiling: 918ms
	BeginReloadAssembly (82ms)
		ExecutionOrderSort (0ms)
		DisableScriptedObjects (2ms)
		BackupInstance (0ms)
		ReleaseScriptingObjects (0ms)
		CreateAndSetChildDomain (26ms)
	RebuildCommonClasses (22ms)
	RebuildNativeTypeToScriptingClass (8ms)
	initialDomainReloadingComplete (12ms)
	LoadAllAssembliesAndSetupDomain (99ms)
		LoadAssemblies (115ms)
		RebuildTransferFunctionScriptingTraits (0ms)
		AnalyzeDomain (15ms)
			TypeCache.Refresh (8ms)
				TypeCache.ScanAssembly (0ms)
			ScanForSourceGeneratedMonoScriptInfo (0ms)
			ResolveRequiredComponents (7ms)
	FinalizeReload (695ms)
		ReleaseScriptCaches (0ms)
		RebuildScriptCaches (0ms)
		SetupLoadedEditorAssemblies (275ms)
			LogAssemblyErrors (0ms)
			InitializePlatformSupportModulesInManaged (22ms)
			SetLoadedEditorAssemblies (2ms)
			RefreshPlugins (0ms)
			BeforeProcessingInitializeOnLoad (40ms)
			ProcessInitializeOnLoadAttributes (177ms)
			ProcessInitializeOnLoadMethodAttributes (33ms)
			AfterProcessingInitializeOnLoad (1ms)
			EditorAssembliesLoaded (0ms)
		ExecutionOrderSort2 (0ms)
		AwakeInstancesAfterBackupRestoration (4ms)
Property (_MainTex) already exists. Use SetTexture instead.
Refreshing native plugins compatible for Editor in 2.04 ms, found 2 plugins.
Preloading 0 native plugins for Editor in 0.00 ms.
Unloading 3425 Unused Serialized files (Serialized files now loaded: 0)
Unloading 18 unused Assets / (402.8 KB). Loaded Objects now: 4100.
Memory consumption went from 176.6 MB to 176.2 MB.
Total: 2.290791 ms (FindLiveObjects: 0.110667 ms CreateObjectMapping: 0.040666 ms MarkObjects: 2.024167 ms  DeleteObjects: 0.114666 ms)

Prepare: number of updated asset objects reloaded= 0
AssetImportParameters requested are different than current active one (requested -> active):
  custom:scripting/monoscript/fileName/MainGamePlayData.cs: 0b9531afbd019344a52b042a7f2f6699 -> 
  custom:scripting/monoscript/fileName/ViewElementAnimationGroupAsset.cs: d62572e5bd9b4b18f5d5487bd0851f2d -> 
  custom:scripting/monoscript/fileName/ViewSystemDataReaderV2.cs: 496a2a71e699c445e3fff62253581ca6 -> 
  custom:scripting/precompiled-assembly-types:Macaca.ViewSystem: 446fcc1e1bfeaae0a20aa755f1a740b1 -> 
  custom:scripting/monoscript/fileName/ViewSystemEditHelper.cs: 010b9e08c72d8739be31f5493a1e11e3 -> 
  custom:scripting/monoscript/fileName/ViewSystemScriptBaker.cs: f247c08768b69256ff86a11c05ca86ee -> 
  custom:scripting/monoscript/fileName/TaskUtils.cs: c6a51231188f6116c4c30286c5992695 -> 
  custom:container-demuxer-ogg: 62fdf1f143b41e24485cea50d1cbac27 -> 
  custom:scripting/monoscript/fileName/UI_NavBtn.cs: e151e7bd8c5722987061deae07e73247 -> 
  custom:scripting/monoscript/fileName/ViewSystemAttribute.cs: d549cdf4f27413dd21942afbd640c8df -> 
  custom:scripting/monoscript/fileName/EditorUtility.cs: ef891b2d8e3a86efb70815bfa272a34c -> 
  custom:scripting/monoscript/fileName/TestInstance.cs: d4fe8c00062c5f677f760b379a159124 -> 
  custom:scripting/monoscript/fileName/ViewSystemGlobalSettingWindow.cs: 70d3d77585b526714008dc64b1593ea1 -> 
  custom:scripting/monoscript/fileName/ViewSystemLayoutRebuilder.cs: edacbc8d4d8858a18967210ed953c7a9 -> 
  custom:scripting/monoscript/fileName/ViewSystemDropdownAttribute.cs: 1c4b56eb9d196708b88ac08f87ab25da -> 
  custom:scripting/monoscript/fileName/ViewControllerEditor.cs: 23849a361c52a4b25d243e8fdb03f647 -> 
  custom:video-decoder-ogg-theora: a1e56fd34408186e4bbccfd4996cb3dc -> 
  custom:scripting/monoscript/fileName/ViewPageOrderWindow.cs: 060cc4d4699d5802e9912c3dcdcba285 -> 
  custom:scripting/monoscript/fileName/ViewSystemRectTransformEditor.cs: 94a8d6c0be14e9b32fd988c8882b2f1b -> 
  custom:scripting/monoscript/fileName/ComponentTreeView.cs: cd1c041ba8cd36de9cc62b9d165b0d54 -> 
  custom:scripting/monoscript/fileName/ViewElementGroup.cs: 0824d6ff9ab6498e52cc303d60ac494c -> 
  custom:scripting/monoscript/fileName/ViewElementEditor.cs: c9a4620f74fd88ab0babb40e02144974 -> 
  custom:scripting/monoscript/fileName/ViewElementOverrideHelper.cs: a7db2a44ca729af6491950fc1a6a379e -> 
  custom:scripting/monoscript/fileName/TrailParticle.cs: 8a3d9023929382845b42cf69b04f7792 -> 
  custom:scripting/monoscript/fileName/ViewSystemUtilitys.cs: 701c1880ca2c8ac5e0208d59cdfa621f -> 
  custom:scripting/monoscript/fileName/ViewSystemNodeWindow.cs: 497a518f67b89b71e06e96b647362a3b -> 
  custom:CustomObjectIndexerAttribute: 72b91833f83ae208fae7752999fa3104 -> 
  custom:scripting/monoscript/fileName/EditorExtensionMethods.cs: 658a646540cdba0890b8667242dc3007 -> 
  custom:scripting/monoscript/fileName/ViewElementBehaviour.cs: 59e92bfff095302ec63d29866e03870c -> 
  custom:scripting/monoscript/fileName/ViewSystemVerifier.cs: 08a733bde99b97c42ad082a250d03de4 -> 
  custom:scripting/monoscript/fileName/UIManager.cs: 2595dc2cbd41cc2d023a3ebb28d87e9e -> 
  custom:scripting/monoscript/fileName/ViewBreakpointWindow.cs: a64101dd7d4b88315c3e82fff329f5db -> 
  custom:scripting/monoscript/fileName/ViewElement.cs: 69ffe10f623b789ead3a4ef69bf29936 -> 
  custom:container-demuxer-webm: 4f35f7cbe854078d1ac9338744f61a02 -> 
  custom:scripting/monoscript/fileName/AutoOverrideAttribute.cs: 8933d4958ddbb3eed1e93f043c267373 -> 
  custom:scripting/monoscript/fileName/ViewElementRequestedPool.cs: 50a641b3234891e67e4570e220aec224 -> 
  custom:scripting/precompiled-assembly-types:Macaca.ViewSystem.Editor: 82aefc47d7a7e2641ffc8c664ccd5ddf -> 
  custom:scripting/monoscript/fileName/ViewSystemNodeModel.cs: 4e49f57d10fe2f36ce2b7cda59a37c61 -> 
  custom:scripting/monoscript/fileName/ViewElementAnimationModel.cs: 3a7dafca1f4e9848a71e79e69face7ed -> 
  custom:scripting/monoscript/fileName/ViewSystemNodeInspector.cs: 0825c2e1a908b665a2c079d29cda69f8 -> 
  custom:scripting/monoscript/fileName/ViewMarginFixerEditor.cs: e2651bf7e4c274a3098932f286a7568f -> 
  custom:scripting/monoscript/fileName/ViewElementPool.cs: ea10dc029a83aa5048e6496f6882c0c5 -> 
  custom:scripting/monoscript/fileName/OverridePropertyDrawer.cs: df66614b6d5ac85aec4fec701a9ab3bb -> 
  custom:scripting/monoscript/fileName/HierarchyTreeView.cs: 9a0e1bd9da70ca6754b69c65f08558b2 -> 
  custom:scripting/monoscript/fileName/NonDrawingGraphic.cs: 127463a4d8383f4b28a1e209fe278d00 -> 
  custom:scripting/monoscript/fileName/ViewSystemEditorHelper.cs: d26b0356b935b995f180e9a584b56d26 -> 
  custom:scripting/monoscript/fileName/ViewMarginFixer.cs: d6bfc7178b84ddcf7cc94d2dc1967f5b -> 
  custom:container-muxer-webm: aa71ff27fc2769a1b78a27578f13a17b -> 
  custom:scripting/monoscript/fileName/UI_NavigationBar.cs: c1949acf47bc3603a481bf279fc19fd1 -> 
  custom:scripting/monoscript/fileName/ViewElementLifeCycle.cs: 7d78c0be3b8460ad4c43bce9c2618d88 -> 
  custom:scripting/monoscript/fileName/ViewPageNavigationWindow.cs: 0897b379d1751f3d8a2193d54b89a252 -> 
  custom:scripting/monoscript/fileName/SimpleShowOverlayPageButton.cs: 131b48241f2bd9475fc01fb820b59ffe -> 
  custom:video-decoder-webm-vp8: 9c59270c3fd7afecdb556c50c9e8de78 -> 
  custom:scripting/monoscript/fileName/UI_MessageBox.cs: a6d63200b735b9a2ed92c75666a9b7c4 -> 
  custom:scripting/monoscript/fileName/PageChanger.cs: d9783c9d53d676dd58faa4f78790bcd5 -> 
  custom:scripting/monoscript/fileName/ViewInjectDictionary.cs: 8cb898c4da42403284931d5bc57adc79 -> 
  custom:scripting/monoscript/fileName/ViewController.cs: bd4622f528d828762b056a95c51d08e9 -> 
  custom:scripting/monoscript/fileName/ViewElementAnimation.cs: 344ba899ff6db33b05ed8b79f1e90295 -> 
  custom:scripting/monoscript/fileName/Drawer.cs: f92f6d06df7b12e478197230e573d317 -> a3d71c919eb2db7b305ff4685b9b28bc
  custom:scripting/monoscript/fileName/OverridePopupWindow.cs: c846e17f1d636e1c20afff22b307ab5b -> 
  custom:SearchIndexIgnoredProperties: e643bd26f0fe6173181afceb89e7c659 -> 
  custom:scripting/monoscript/fileName/ViewElementOverridesImporterWindow.cs: 8874c98d8aaa5bcc33259911c5e06b91 -> 
  custom:AudioImporter_EditorPlatform: 3918e3fc78b5a79bad01e8451be0beb8 -> 
  custom:scripting/monoscript/fileName/SimpleLeaveOverlayPageButton.cs: 7d68579889bfe7b0b86a621043b9acd1 -> 
  custom:scripting/monoscript/fileName/MicroCoroutine.cs: 3c9a49a24faad196584580ad2a2e545d -> 
  custom:scripting/monoscript/fileName/ViewSystemDropdownDrawer.cs: 6388b048cf9eb64e84b4b52c33def31b -> 
  custom:scripting/monoscript/fileName/ViewRuntimeOverride.cs: 8f3da84ed5acdc01c5484029655dc9e4 -> 
  custom:framework-osx-AVFoundation: e770b220cccbd017edd2c1fefb359320 -> 
  custom:scripting/monoscript/fileName/ReferenceLinker.cs: c45025882a4c2b7e99ad3af62da7b3d2 -> 
  custom:scripting/monoscript/fileName/ViewSystemVisualEditor.cs: d1eca669f1c28adb5658fea3ea6e9506 -> 
  custom:scripting/monoscript/fileName/UIFlippable.cs: 77dcb1553ec2cf291c44b44571b0ee7e -> 
  custom:scripting/monoscript/fileName/ViewElementRuntimePoolEditor.cs: 201ce7e3830d23a5f7bd23982efd9816 -> 
  custom:video-encoder-webm-vp8: eb34c28f22e8b96e1ab97ce403110664 -> 
  custom:scripting/monoscript/fileName/UI_SkewedImageEditor.cs: 4c7c4da58b00d38fe9267794469c7c9e -> 
  custom:audio-decoder-ogg-vorbis: bf7c407c2cedff20999df2af8eb42d56 -> 
  custom:scripting/monoscript/fileName/ViewPageNodeSaveData.cs: 7cc0d31298c64190556bc0617bafe0b9 -> 
  custom:scripting/monoscript/fileName/ViewStateBehaviour.cs: 913f6c2c6f251737049622f16d148188 -> 
  custom:scripting/monoscript/fileName/SafePadding.cs: 843d07a03320f57e1d4cb013631f8f2c -> 
  custom:scripting/monoscript/fileName/NonDrawingGraphicEditor.cs: 37eb2a98d4ec5ff25d13d40816e58bcd -> 
  custom:scripting/monoscript/fileName/IViewElementLifeCycle.cs: 699ed9baecca77bea5fa2b196c66ae8b -> 
  custom:scripting/monoscript/fileName/ViewElementRuntimePool.cs: 50a53669abc439c180ee5c5eae8b6af4 -> 
  custom:scripting/monoscript/fileName/BuildCommand.cs: deb4f91d880efdf3b6b2f41a76d87406 -> 
  custom:scripting/monoscript/fileName/ViewPageModel.cs: dae0edbbad08de885cdb70f74da4f0f3 -> 
  custom:scripting/monoscript/fileName/UI_SkewedImage.cs: 987aa98c3c69ad24a70efd3236bf0af6 -> 
  custom:scripting/monoscript/fileName/NestedViewElementEditor.cs: c3ed9b8579f96e27946ab952f9f6a624 -> 
  custom:scripting/monoscript/fileName/ViewStateNodeSaveData.cs: ea8c178e958a08f728b9fcd88d2c96d9 -> 
  custom:scripting/monoscript/fileName/ViewElementAnimationGroupDrawer.cs: fe502aa5aa0eacc7507c04bf531ca984 -> 
  custom:audio-encoder-webm-vorbis: bf7c407c2cedff20999df2af8eb42d56 -> 
  custom:scripting/monoscript/fileName/IViewElementSingleton.cs: a9cd43626ddc2f303d4bf823844c9993 -> 
  custom:scripting/precompiled-assembly-types:Assembly-CSharp-Editor: 23bdcf31080a9bcfd601b9d8b28f4900 -> 
  custom:scripting/monoscript/fileName/NestedViewElement.cs: bc2d1feb22d0ecabc5b94f026042c25b -> 
  custom:scripting/monoscript/fileName/ViewSystemLog.cs: b5041d19110094134544ea9b4f9b391a -> 
  custom:scripting/monoscript/fileName/ViewControllerBase.cs: 3fcca7348aa90e9e8d781f0ccc7ccb0a -> 
  custom:scripting/monoscript/fileName/TrailParticlePool.cs: 822ed29e25e93b8d88a78e00f80f6a32 -> 
  custom:scripting/precompiled-assembly-types:Assembly-CSharp: 7fa8b6becaff46f28a094f77c094a10b -> 
  custom:scripting/monoscript/fileName/ViewSystemScriptable.cs: 209d3e38817e497a0d46c60311a34e28 -> 
  custom:scripting/monoscript/fileName/ViewSystemNodeConsole.cs: fdcd243a467ffff985b6a353c173812b -> 
  custom:scripting/monoscript/fileName/UI_MessageBubble.cs: 10260be31a728988db00391f59f59440 -> 
  custom:scripting/monoscript/fileName/ViewSystemSaveData.cs: 95052630c5b931218a30f5a6c9b3a460 -> 
  custom:scripting/monoscript/fileName/IViewElementOverrideListener.cs: 3107cfb1b4ddb17e8679c8c93384fa00 -> 
  custom:scripting/monoscript/fileName/SimpleChangePageButton.cs: 55e32f1a6c592d68e11593a2996a35aa -> 
  custom:scripting/monoscript/fileName/ViewElementOverrideAsset.cs: f526c4c1792d3b85f1900258c44df9c4 -> 
========================================================================
Received Import Request.
  Time since last request: 184.700505 seconds.
  path: Packages/com.macacagames.viewsystem/Runtime
  artifactKey: Guid(230d1b7c9ab2142b4b5c18b466682515) Importer(815301076,1909f56bfc062723c751e8b465ee728b)
Start importing Packages/com.macacagames.viewsystem/Runtime using Guid(230d1b7c9ab2142b4b5c18b466682515) Importer(815301076,1909f56bfc062723c751e8b465ee728b) [PhysX] Initialized MultithreadedTaskDispatcher with 10 workers.
 -> (artifact id: '86c95c460cc95a386eb28f801f57446c') in 0.002590 seconds
Number of updated asset objects reloaded before import = 0
Number of asset objects unloaded after import = 0
========================================================================
Received Import Request.
  Time since last request: 1.401056 seconds.
  path: Packages/com.macacagames.viewsystem/Icons
  artifactKey: Guid(fbb72d41a11f04110b5ffc50b33cc72c) Importer(815301076,1909f56bfc062723c751e8b465ee728b)
Start importing Packages/com.macacagames.viewsystem/Icons using Guid(fbb72d41a11f04110b5ffc50b33cc72c) Importer(815301076,1909f56bfc062723c751e8b465ee728b) [PhysX] Initialized MultithreadedTaskDispatcher with 10 workers.
 -> (artifact id: '07af160d94ac9ca48c8e6ad828e9c5f5') in 0.000351 seconds
Number of updated asset objects reloaded before import = 0
Number of asset objects unloaded after import = 0
========================================================================
Received Import Request.
  Time since last request: 0.423455 seconds.
  path: Packages/com.macacagames.viewsystem/Editor
  artifactKey: Guid(a76b9113f135240cb87e1fbe024528e1) Importer(815301076,1909f56bfc062723c751e8b465ee728b)
Start importing Packages/com.macacagames.viewsystem/Editor using Guid(a76b9113f135240cb87e1fbe024528e1) Importer(815301076,1909f56bfc062723c751e8b465ee728b) [PhysX] Initialized MultithreadedTaskDispatcher with 10 workers.
 -> (artifact id: 'a701d0d93df1840222d150caa00fa238') in 0.000222 seconds
Number of updated asset objects reloaded before import = 0
Number of asset objects unloaded after import = 0
