Unity Editor version:    2022.3.42f1 (2dcb6a0abc42)
Branch:                  2022.3/staging
Build type:              Release
Batch mode:              YES
macOS version:           Version 14.4.1 (Build 23E224)
Darwin version:          23.4.0
Architecture:            arm64
Running under Rosetta:   NO
Available memory:        32768 MB
Using pre-set license
Pro License: YES

COMMAND LINE ARGUMENTS:
/Applications/Unity/Hub/Editor/2022.3.42f1/Unity.app/Contents/MacOS/Unity
-adb2
-batchMode
-noUpm
-name
AssetImportWorker0
-projectPath
/Users/rd01/MacacaViewSystem/Samples/MacacaBootstrap/UnityProject
-logFile
Logs/AssetImportWorker0.log
-srvPort
52892
Successfully changed project path to: /Users/rd01/MacacaViewSystem/Samples/MacacaBootstrap/UnityProject
/Users/rd01/MacacaViewSystem/Samples/MacacaBootstrap/UnityProject
[UnityMemory] Configuration Parameters - Can be set up in boot.config
    "memorysetup-bucket-allocator-granularity=16"
    "memorysetup-bucket-allocator-bucket-count=8"
    "memorysetup-bucket-allocator-block-size=33554432"
    "memorysetup-bucket-allocator-block-count=8"
    "memorysetup-main-allocator-block-size=16777216"
    "memorysetup-thread-allocator-block-size=16777216"
    "memorysetup-gfx-main-allocator-block-size=16777216"
    "memorysetup-gfx-thread-allocator-block-size=16777216"
    "memorysetup-cache-allocator-block-size=4194304"
    "memorysetup-typetree-allocator-block-size=2097152"
    "memorysetup-profiler-bucket-allocator-granularity=16"
    "memorysetup-profiler-bucket-allocator-bucket-count=8"
    "memorysetup-profiler-bucket-allocator-block-size=33554432"
    "memorysetup-profiler-bucket-allocator-block-count=8"
    "memorysetup-profiler-allocator-block-size=16777216"
    "memorysetup-profiler-editor-allocator-block-size=1048576"
    "memorysetup-temp-allocator-size-main=16777216"
    "memorysetup-job-temp-allocator-block-size=2097152"
    "memorysetup-job-temp-allocator-block-size-background=1048576"
    "memorysetup-job-temp-allocator-reduction-small-platforms=262144"
    "memorysetup-allocator-temp-initial-block-size-main=262144"
    "memorysetup-allocator-temp-initial-block-size-worker=262144"
    "memorysetup-temp-allocator-size-background-worker=32768"
    "memorysetup-temp-allocator-size-job-worker=262144"
    "memorysetup-temp-allocator-size-preload-manager=33554432"
    "memorysetup-temp-allocator-size-nav-mesh-worker=65536"
    "memorysetup-temp-allocator-size-audio-worker=65536"
    "memorysetup-temp-allocator-size-cloud-worker=32768"
    "memorysetup-temp-allocator-size-gi-baking-worker=262144"
    "memorysetup-temp-allocator-size-gfx=262144"
Player connection [8513911488]  Target information:

Player connection [8513911488]  * "[IP] 10.0.4.128 [Port] 0 [Flags] 2 [Guid] 85510671 [EditorId] 85510671 [Version] 1048832 [Id] OSXEditor(0,Mac-Studio-3.lan) [Debug] 1 [PackageName] OSXEditor [ProjectName] Editor" 

Player connection [8513911488]  * "[IP] 10.0.4.8 [Port] 0 [Flags] 2 [Guid] 85510671 [EditorId] 85510671 [Version] 1048832 [Id] OSXEditor(0,Mac-Studio-3.lan) [Debug] 1 [PackageName] OSXEditor [ProjectName] Editor" 

Player connection [8513911488] Host joined multi-casting on [225.0.0.222:54997]...
Player connection [8513911488] Host joined alternative multi-casting on [225.0.0.222:34997]...
[PhysX] Initialized MultithreadedTaskDispatcher with 10 workers.
Refreshing native plugins compatible for Editor in 12.90 ms, found 2 plugins.
Preloading 0 native plugins for Editor in 0.00 ms.
Initialize engine version: 2022.3.42f1 (2dcb6a0abc42)
[Subsystems] Discovering subsystems at path /Applications/Unity/Hub/Editor/2022.3.42f1/Unity.app/Contents/Resources/UnitySubsystems
[Subsystems] Discovering subsystems at path /Users/rd01/MacacaViewSystem/Samples/MacacaBootstrap/UnityProject/Assets
GfxDevice: creating device client; threaded=0; jobified=0
 preferred device: Apple M1 Max (high power)
Metal devices available: 1
0: Apple M1 Max (high power)
Using device Apple M1 Max (high power)
Initializing Metal device caps: Apple M1 Max
Property (_MainTex) already exists. Use SetTexture instead.
Initialize mono
Mono path[0] = '/Applications/Unity/Hub/Editor/2022.3.42f1/Unity.app/Contents/Managed'
Mono path[1] = '/Applications/Unity/Hub/Editor/2022.3.42f1/Unity.app/Contents/MonoBleedingEdge/lib/mono/unityjit-macos'
Mono config path = '/Applications/Unity/Hub/Editor/2022.3.42f1/Unity.app/Contents/MonoBleedingEdge/etc'
Using monoOptions --debugger-agent=transport=dt_socket,embedding=1,server=y,suspend=n,address=127.0.0.1:56360
Begin MonoManager ReloadAssembly
Registering precompiled unity dll's ...
Register platform support module: /Applications/Unity/Hub/Editor/2022.3.42f1/Unity.app/Contents/PlaybackEngines/MacStandaloneSupport/UnityEditor.OSXStandalone.Extensions.dll
Register platform support module: /Applications/Unity/Hub/Editor/2022.3.42f1/PlaybackEngines/AndroidPlayer/UnityEditor.Android.Extensions.dll
Register platform support module: /Applications/Unity/Hub/Editor/2022.3.42f1/PlaybackEngines/iOSSupport/UnityEditor.iOS.Extensions.dll
Registered in 0.004161 seconds.
- Loaded All Assemblies, in  0.247 seconds
[usbmuxd] Start listen thread
[usbmuxd] Listen thread started
[usbmuxd] Send listen message
Native extension for iOS target not found
Native extension for Android target not found
Multiple ADB server instances found, the following ADB server instance have been terminated due to being run from another SDK. Process paths: 
/Applications/Unity/Hub/Editor/2021.3.21f1/PlaybackEngines/AndroidPlayer/SDK/platform-tools/adb
UnityEngine.StackTraceUtility:ExtractStackTrace () (at /Users/bokken/build/output/unity/unity/Runtime/Export/Scripting/StackTrace.cs:37)
UnityEngine.DebugLogHandler:LogFormat (UnityEngine.LogType,UnityEngine.Object,string,object[])
UnityEngine.Logger:Log (UnityEngine.LogType,object)
UnityEngine.Debug:Log (object)
UnityEditor.Android.AndroidDeploymentTargetsExtension:GetKnownTargets (UnityEditor.DeploymentTargets.IDeploymentTargetsMainThreadContext,UnityEditor.ProgressHandler)
UnityEditor.Android.TargetScanWorker:ScanSync ()
UnityEditor.Android.TargetExtension:OnUsbDevicesChanged (UnityEditor.Hardware.UsbDevice[])
UnityEditor.Android.TargetExtension:OnLoad ()
UnityEditor.Modules.ModuleManager:InitializePlatformSupportModules () (at /Users/bokken/build/output/unity/unity/Editor/Mono/Modules/ModuleManager.cs:147)

(Filename: /Users/bokken/build/output/unity/unity/Editor/Mono/Modules/ModuleManager.cs Line: 147)

Unable to list connected devices. 
* daemon not running; starting now at tcp:5037
ADB server didn't ACK
Full server startup log: /var/folders/r1/4gw8qhss7tz9l17phwzqc3nc0000gn/T//adb.501.log
Server had pid: 56370
--- adb starting (pid 56370) ---
adb I 09-02 13:52:32 56370 33715885 main.cpp:63] Android Debug Bridge version 1.0.41
adb I 09-02 13:52:32 56370 33715885 main.cpp:63] Version 32.0.0-8006631
adb I 09-02 13:52:32 56370 33715885 main.cpp:63] Installed as /Applications/Unity/Hub/Editor/2022.3.42f1/PlaybackEngines/AndroidPlayer/SDK/platform-tools/adb
adb I 09-02 13:52:32 56370 33715885 main.cpp:63] 
adb I 09-02 13:52:32 56371 33715886 main.cpp:63] Android Debug Bridge version 1.0.41
adb I 09-02 13:52:32 56371 33715886 main.cpp:63] Version 32.0.0-8006631
adb I 09-02 13:52:32 56371 33715886 main.cpp:63] Installed as /Applications/Unity/Hub/Editor/2022.3.42f1/PlaybackEngines/AndroidPlayer/SDK/platform-tools/adb
adb I 09-02 13:52:32 56371 33715886 main.cpp:63] 
adb I 09-02 13:52:32 56371 33715886 auth.cpp:417] adb_auth_init...
adb I 09-02 13:52:32 56371 33715886 auth.cpp:152] loaded new key from '/Users/rd01/.android/adbkey' with fingerprint A585F02122FD0F7155FE71D18C07869EB5AE6441C0C8F4EDDD76140173244866
adb I 09-02 13:52:32 56371 33715897 transport.cpp:332] emulator-5554: read thread spawning
adb I 09-02 13:52:32 56371 33715898 transport.cpp:304] emulator-5554: write thread spawning
adb I 09-02 13:52:32 56371 33715897 transport.cpp:336] emulator-5554: read failed: Undefined error: 0
adb I 09-02 13:52:32 56371 33715897 transport.cpp:1225] emulator-5554: connection terminated: read failed
adb I 09-02 13:52:32 56371 33715886 adb.cpp:171] emulator-5554: already offline
adb I 09-02 13:52:32 56371 33715886 transport.cpp:910] destroying transport emulator-5554
adb I 09-02 13:52:32 56371 33715886 transport.cpp:404] BlockingConnectionAdapter(emulator-5554): stopping
adb I 09-02 13:52:32 56371 33715886 transport.cpp:422] BlockingConnectionAdapter(emulator-5554): stopped
adb I 09-02 13:52:32 56371 33715886 transport.cpp:1127] resetting transport 0x13a004290 emulator-5554
adb I 09-02 13:52:32 56371 33715886 transport.cpp:378] BlockingConnectionAdapter(emulator-5554): already stopped
adb I 09-02 13:52:32 56371 33715886 transport.cpp:291] BlockingConnectionAdapter(emulator-5554): destructing
adb I 09-02 13:52:32 56371 33715886 transport.cpp:397] BlockingConnectionAdapter(emulator-5554): already stopped
adb F 09-02 13:52:32 56370 33715885 main.cpp:167] could not install *smartsocket* listener: Address already in use

* failed to start daemon
adb: failed to check server version: cannot connect to daemon

UnityEditor.Android.CommandInvokationFailure: Unable to list connected devices. 
/Applications/Unity/Hub/Editor/2022.3.42f1/PlaybackEngines/AndroidPlayer/SDK/platform-tools/adb devices

Environment Variables:
DEBUG_ENV_VAR = UnityHub
XPC_FLAGS = 0x0
__CFBundleIdentifier = com.unity3d.unityhub
AMPLITUDE_API_KEY_GREENBUCKET_DEV = 3ded2a762163603391a425f688f990c8
AMPLITUDE_TOKEN_REDBUCKET_DEV = U4PSN7S7PuYVRODivvdcFwbu8R6IHGqa
SECURITYSESSIONID = 186a3
AMPLITUDE_API_KEY_GREENBUCKET_PROD = c86fea37a9e1d3f0878b96e15b111c7c
SENTRY_ACCESS_TOKEN = 3df78d9e53f8456aa90fbae044ce1a6261421ab1d0014674bc2e933477289017
AMPLITUDE_DEPLOYMENT_KEY_RED_BUCKET_DEV = client-wbjHYrmeSR87GmWOE7LDpf7sUySOIKHm
AMPLITUDE_TOKEN_GREENBUCKET_PROD = ZpUcbAdZXJYzNSoHsAWtL_s_JppwWid9
AMPLITUDE_API_KEY = 28f3cae0b33b8b3702120c9ed1a935aa
XPC_SERVICE_NAME = application.com.unity3d.unityhub.7419032.7419038
AMPLITUDE_API_KEY_STAGING = 83ee04fccc67e4fcc7dd527c4c6f1e21
WOOTRIC_CLIENT_TOKEN = NPS-aa8be4c3
USER = rd01
MallocNanoZone = 0
LOGNAME = rd01
__CF_USER_TEXT_ENCODING = 0x1F5:0x2:0x35
AMPLITUDE_API_KEY_YELLOWBUCKET_DEV = 48835b4d1f5e342aefe5f016324d296a
PATH = /usr/bin:/bin:/usr/sbin:/sbin
LaunchInstanceID = 13DD7898-AB41-455F-9D35-0A03EEC2F202
SSH_AUTH_SOCK = /private/tmp/com.apple.launchd.oGewon92pe/Listeners
AMPLITUDE_API_KEY_YELLOWBUCKET_PROD = e03a9bbe92dc38a88cdb068d24c65b46
AMPLITUDE_TOKEN_REDBUCKET_PROD = jTIgKs5KTZOjiqEEVdZFbgo_VRhABduL
AMPLITUDE_TOKEN_YELLOWBUCKET_PROD = UYDQtPOw83dIfVy3SrW5oMyo7ru4PRkV
HOME = /Users/rd01
TMPDIR = /var/folders/r1/4gw8qhss7tz9l17phwzqc3nc0000gn/T/
ORIGINAL_XDG_CURRENT_DESKTOP = undefined
AMPLITUDE_TOKEN_GREENBUCKET_DEV = 84H2gMm_FJzhr3mBaX1lM1JVukmCM7d9
AMPLITUDE_TOKEN_YELLOWBUCKET_DEV = wKi8foVigDditGFvmZewRFWsEbX9Y0YO
SHELL = /bin/zsh
AMPLITUDE_API_KEY_REDBUCKET_PROD = ca12bb461ea96f9bdf5df4ded7d52994
AMPLITUDE_DEPLOYMENT_KEY_RED_BUCKET_PROD = client-zH8Y7OK1i331EKuG77C6UxN8ygcM6LzS
COMMAND_MODE = unix2003
AMPLITUDE_API_KEY_REDBUCKET_DEV = 46b8b46515e7632fc42a504b72e05fd0


stderr[
* daemon not running; starting now at tcp:5037
ADB server didn't ACK
Full server startup log: /var/folders/r1/4gw8qhss7tz9l17phwzqc3nc0000gn/T//adb.501.log
Server had pid: 56370
--- adb starting (pid 56370) ---
adb I 09-02 13:52:32 56370 33715885 main.cpp:63] Android Debug Bridge version 1.0.41
adb I 09-02 13:52:32 56370 33715885 main.cpp:63] Version 32.0.0-8006631
adb I 09-02 13:52:32 56370 33715885 main.cpp:63] Installed as /Applications/Unity/Hub/Editor/2022.3.42f1/PlaybackEngines/AndroidPlayer/SDK/platform-tools/adb
adb I 09-02 13:52:32 56370 33715885 main.cpp:63] 
adb I 09-02 13:52:32 56371 33715886 main.cpp:63] Android Debug Bridge version 1.0.41
adb I 09-02 13:52:32 56371 33715886 main.cpp:63] Version 32.0.0-8006631
adb I 09-02 13:52:32 56371 33715886 main.cpp:63] Installed as /Applications/Unity/Hub/Editor/2022.3.42f1/PlaybackEngines/AndroidPlayer/SDK/platform-tools/adb
adb I 09-02 13:52:32 56371 33715886 main.cpp:63] 
adb I 09-02 13:52:32 56371 33715886 auth.cpp:417] adb_auth_init...
adb I 09-02 13:52:32 56371 33715886 auth.cpp:152] loaded new key from '/Users/rd01/.android/adbkey' with fingerprint A585F02122FD0F7155FE71D18C07869EB5AE6441C0C8F4EDDD76140173244866
adb I 09-02 13:52:32 56371 33715897 transport.cpp:332] emulator-5554: read thread spawning
adb I 09-02 13:52:32 56371 33715898 transport.cpp:304] emulator-5554: write thread spawning
adb I 09-02 13:52:32 56371 33715897 transport.cpp:336] emulator-5554: read failed: Undefined error: 0
adb I 09-02 13:52:32 56371 33715897 transport.cpp:1225] emulator-5554: connection terminated: read failed
adb I 09-02 13:52:32 56371 33715886 adb.cpp:171] emulator-5554: already offline
adb I 09-02 13:52:32 56371 33715886 transport.cpp:910] destroying transport emulator-5554
adb I 09-02 13:52:32 56371 33715886 transport.cpp:404] BlockingConnectionAdapter(emulator-5554): stopping
adb I 09-02 13:52:32 56371 33715886 transport.cpp:422] BlockingConnectionAdapter(emulator-5554): stopped
adb I 09-02 13:52:32 56371 33715886 transport.cpp:1127] resetting transport 0x13a004290 emulator-5554
adb I 09-02 13:52:32 56371 33715886 transport.cpp:378] BlockingConnectionAdapter(emulator-5554): already stopped
adb I 09-02 13:52:32 56371 33715886 transport.cpp:291] BlockingConnectionAdapter(emulator-5554): destructing
adb I 09-02 13:52:32 56371 33715886 transport.cpp:397] BlockingConnectionAdapter(emulator-5554): already stopped
adb F 09-02 13:52:32 56370 33715885 main.cpp:167] could not install *smartsocket* listener: Address already in use

* failed to start daemon
adb: failed to check server version: cannot connect to daemon
]
stdout[

]
exit code: 1
  at UnityEditor.Android.Command.WaitForProgramToRun (UnityEditor.Utils.Program p, UnityEditor.Android.Command+WaitingForProcessToExit waitingForProcessToExit, System.String errorMsg) [0x00033] in <0d156b553c8447b8ae390084e615bd71>:0 
  at UnityEditor.Android.Command.Run (System.Diagnostics.ProcessStartInfo psi, UnityEditor.Android.Command+WaitingForProcessToExit waitingForProcessToExit, System.String errorMsg) [0x00017] in <0d156b553c8447b8ae390084e615bd71>:0 
  at UnityEditor.Android.Command.Run (System.String command, System.String args, System.String workingdir, UnityEditor.Android.Command+WaitingForProcessToExit waitingForProcessToExit, System.String errorMsg) [0x0000a] in <0d156b553c8447b8ae390084e615bd71>:0 
  at UnityEditor.Android.ADB.RunInternal (System.String[] command, UnityEditor.Android.Command+WaitingForProcessToExit waitingForProcessToExit, System.String errorMsg) [0x0001e] in <0d156b553c8447b8ae390084e615bd71>:0 
  at UnityEditor.Android.ADB.Run (System.String[] command, UnityEditor.Android.Command+WaitingForProcessToExit waitingForProcessToExit, System.String errorMsg) [0x00013] in <0d156b553c8447b8ae390084e615bd71>:0 
  at UnityEditor.Android.AndroidDeploymentTargetsExtension.GetKnownTargets (UnityEditor.DeploymentTargets.IDeploymentTargetsMainThreadContext context, UnityEditor.ProgressHandler progressHandler) [0x002ae] in <0d156b553c8447b8ae390084e615bd71>:0 
UnityEngine.StackTraceUtility:ExtractStackTrace () (at /Users/bokken/build/output/unity/unity/Runtime/Export/Scripting/StackTrace.cs:37)
UnityEngine.DebugLogHandler:LogFormat (UnityEngine.LogType,UnityEngine.Object,string,object[])
UnityEngine.Logger:Log (UnityEngine.LogType,object)
UnityEngine.Debug:LogWarning (object)
UnityEditor.Android.AndroidDeploymentTargetsExtension:GetKnownTargets (UnityEditor.DeploymentTargets.IDeploymentTargetsMainThreadContext,UnityEditor.ProgressHandler)
UnityEditor.Android.TargetScanWorker:ScanSync ()
UnityEditor.Android.TargetExtension:OnUsbDevicesChanged (UnityEditor.Hardware.UsbDevice[])
UnityEditor.Android.TargetExtension:OnLoad ()
UnityEditor.Modules.ModuleManager:InitializePlatformSupportModules () (at /Users/bokken/build/output/unity/unity/Editor/Mono/Modules/ModuleManager.cs:147)

(Filename: /Users/bokken/build/output/unity/unity/Editor/Mono/Modules/ModuleManager.cs Line: 147)

Android Extension - Scanning For ADB Devices 812 ms
Native extension for OSXStandalone target not found
Mono: successfully reloaded assembly
- Finished resetting the current domain, in  1.056 seconds
Domain Reload Profiling: 1303ms
	BeginReloadAssembly (73ms)
		ExecutionOrderSort (0ms)
		DisableScriptedObjects (0ms)
		BackupInstance (0ms)
		ReleaseScriptingObjects (0ms)
		CreateAndSetChildDomain (0ms)
	RebuildCommonClasses (24ms)
	RebuildNativeTypeToScriptingClass (8ms)
	initialDomainReloadingComplete (35ms)
	LoadAllAssembliesAndSetupDomain (106ms)
		LoadAssemblies (74ms)
		RebuildTransferFunctionScriptingTraits (0ms)
		AnalyzeDomain (104ms)
			TypeCache.Refresh (103ms)
				TypeCache.ScanAssembly (93ms)
			ScanForSourceGeneratedMonoScriptInfo (0ms)
			ResolveRequiredComponents (0ms)
	FinalizeReload (1057ms)
		ReleaseScriptCaches (0ms)
		RebuildScriptCaches (0ms)
		SetupLoadedEditorAssemblies (1027ms)
			LogAssemblyErrors (0ms)
			InitializePlatformSupportModulesInManaged (935ms)
			SetLoadedEditorAssemblies (2ms)
			RefreshPlugins (0ms)
			BeforeProcessingInitializeOnLoad (1ms)
			ProcessInitializeOnLoadAttributes (63ms)
			ProcessInitializeOnLoadMethodAttributes (25ms)
			AfterProcessingInitializeOnLoad (0ms)
			EditorAssembliesLoaded (0ms)
		ExecutionOrderSort2 (0ms)
		AwakeInstancesAfterBackupRestoration (0ms)
Script 'Packages/com.macacagames.adfactory/IAdManagerImpl/UnityAdManager.cs' will not be compiled because it exists outside the Assets folder and does not to belong to any assembly definition file.
Script 'Packages/com.macacagames.macacaapi/Test/CM_CallbackTest.cs' will not be compiled because it exists outside the Assets folder and does not to belong to any assembly definition file.
Script 'Packages/com.macacagames.macacaapi/Test/CloudMacacaAPITest.cs' will not be compiled because it exists outside the Assets folder and does not to belong to any assembly definition file.
Script 'Packages/com.macacagames.adfactory/IAdManagerImpl/IronSourceManager.cs' will not be compiled because it exists outside the Assets folder and does not to belong to any assembly definition file.
Script 'Packages/com.macacagames.adfactory/IAdManagerImpl/EmptyImplAdManager.cs' will not be compiled because it exists outside the Assets folder and does not to belong to any assembly definition file.
Script 'Packages/com.macacagames.adfactory/IAdManagerImpl/AdMobManager.cs' will not be compiled because it exists outside the Assets folder and does not to belong to any assembly definition file.
========================================================================
Worker process is ready to serve import requests
Caller must complete domain reload
Script 'Packages/com.macacagames.adfactory/IAdManagerImpl/UnityAdManager.cs' will not be compiled because it exists outside the Assets folder and does not to belong to any assembly definition file.
Script 'Packages/com.macacagames.macacaapi/Test/CM_CallbackTest.cs' will not be compiled because it exists outside the Assets folder and does not to belong to any assembly definition file.
Script 'Packages/com.macacagames.macacaapi/Test/CloudMacacaAPITest.cs' will not be compiled because it exists outside the Assets folder and does not to belong to any assembly definition file.
Script 'Packages/com.macacagames.adfactory/IAdManagerImpl/IronSourceManager.cs' will not be compiled because it exists outside the Assets folder and does not to belong to any assembly definition file.
Script 'Packages/com.macacagames.adfactory/IAdManagerImpl/EmptyImplAdManager.cs' will not be compiled because it exists outside the Assets folder and does not to belong to any assembly definition file.
Script 'Packages/com.macacagames.adfactory/IAdManagerImpl/AdMobManager.cs' will not be compiled because it exists outside the Assets folder and does not to belong to any assembly definition file.
Begin MonoManager ReloadAssembly
- Loaded All Assemblies, in  0.371 seconds
Native extension for iOS target not found
Native extension for Android target not found
Native extension for OSXStandalone target not found
Script 'Packages/com.macacagames.adfactory/IAdManagerImpl/UnityAdManager.cs' will not be compiled because it exists outside the Assets folder and does not to belong to any assembly definition file.
Script 'Packages/com.macacagames.macacaapi/Test/CM_CallbackTest.cs' will not be compiled because it exists outside the Assets folder and does not to belong to any assembly definition file.
Script 'Packages/com.macacagames.macacaapi/Test/CloudMacacaAPITest.cs' will not be compiled because it exists outside the Assets folder and does not to belong to any assembly definition file.
Script 'Packages/com.macacagames.adfactory/IAdManagerImpl/IronSourceManager.cs' will not be compiled because it exists outside the Assets folder and does not to belong to any assembly definition file.
Script 'Packages/com.macacagames.adfactory/IAdManagerImpl/EmptyImplAdManager.cs' will not be compiled because it exists outside the Assets folder and does not to belong to any assembly definition file.
Script 'Packages/com.macacagames.adfactory/IAdManagerImpl/AdMobManager.cs' will not be compiled because it exists outside the Assets folder and does not to belong to any assembly definition file.
Package Manager log level set to [2]
[Package Manager] Server::EnsureServerProcessIsRunning -- launch failed, reason: Unity was launched with the -noUpm command-line argument
[Package Manager] UpmClient::Send -- Unable to send message (not connected to UPM process).
[Package Manager] Cannot connect to Unity Package Manager local server
Mono: successfully reloaded assembly
- Finished resetting the current domain, in  0.373 seconds
Domain Reload Profiling: 743ms
	BeginReloadAssembly (80ms)
		ExecutionOrderSort (0ms)
		DisableScriptedObjects (3ms)
		BackupInstance (0ms)
		ReleaseScriptingObjects (0ms)
		CreateAndSetChildDomain (19ms)
	RebuildCommonClasses (23ms)
	RebuildNativeTypeToScriptingClass (8ms)
	initialDomainReloadingComplete (23ms)
	LoadAllAssembliesAndSetupDomain (236ms)
		LoadAssemblies (168ms)
		RebuildTransferFunctionScriptingTraits (0ms)
		AnalyzeDomain (103ms)
			TypeCache.Refresh (88ms)
				TypeCache.ScanAssembly (75ms)
			ScanForSourceGeneratedMonoScriptInfo (9ms)
			ResolveRequiredComponents (6ms)
	FinalizeReload (373ms)
		ReleaseScriptCaches (0ms)
		RebuildScriptCaches (0ms)
		SetupLoadedEditorAssemblies (280ms)
			LogAssemblyErrors (0ms)
			InitializePlatformSupportModulesInManaged (20ms)
			SetLoadedEditorAssemblies (2ms)
			RefreshPlugins (0ms)
			BeforeProcessingInitializeOnLoad (50ms)
			ProcessInitializeOnLoadAttributes (174ms)
			ProcessInitializeOnLoadMethodAttributes (33ms)
			AfterProcessingInitializeOnLoad (1ms)
			EditorAssembliesLoaded (0ms)
		ExecutionOrderSort2 (0ms)
		AwakeInstancesAfterBackupRestoration (2ms)
Property (_MainTex) already exists. Use SetTexture instead.
Launching external process: /Applications/Unity/Hub/Editor/2022.3.42f1/Unity.app/Contents/Tools/UnityShaderCompiler
Launched and connected shader compiler UnityShaderCompiler after 0.03 seconds
Refreshing native plugins compatible for Editor in 1.64 ms, found 2 plugins.
Preloading 0 native plugins for Editor in 0.00 ms.
Unloading 3626 Unused Serialized files (Serialized files now loaded: 0)
Unloading 23 unused Assets / (424.2 KB). Loaded Objects now: 4092.
Memory consumption went from 202.7 MB to 202.3 MB.
Total: 3.027500 ms (FindLiveObjects: 0.113458 ms CreateObjectMapping: 0.043500 ms MarkObjects: 2.683708 ms  DeleteObjects: 0.186417 ms)

AssetImportParameters requested are different than current active one (requested -> active):
  custom:container-demuxer-ogg: 62fdf1f143b41e24485cea50d1cbac27 -> 
  custom:video-decoder-ogg-theora: a1e56fd34408186e4bbccfd4996cb3dc -> 
  custom:CustomObjectIndexerAttribute: 72b91833f83ae208fae7752999fa3104 -> 
  custom:container-demuxer-webm: 4f35f7cbe854078d1ac9338744f61a02 -> 
  custom:container-muxer-webm: aa71ff27fc2769a1b78a27578f13a17b -> 
  custom:video-decoder-webm-vp8: 9c59270c3fd7afecdb556c50c9e8de78 -> 
  custom:SearchIndexIgnoredProperties: e643bd26f0fe6173181afceb89e7c659 -> 
  custom:AudioImporter_EditorPlatform: 3918e3fc78b5a79bad01e8451be0beb8 -> 
  custom:framework-osx-AVFoundation: e770b220cccbd017edd2c1fefb359320 -> 
  custom:video-encoder-webm-vp8: eb34c28f22e8b96e1ab97ce403110664 -> 
  custom:audio-decoder-ogg-vorbis: bf7c407c2cedff20999df2af8eb42d56 -> 
  custom:audio-encoder-webm-vorbis: bf7c407c2cedff20999df2af8eb42d56 -> 
========================================================================
Received Import Request.
  Time since last request: 2120709.605443 seconds.
  path: Assets/_Game/UI/Prefabs/Loading.prefab
  artifactKey: Guid(4a39b466194ca4374b37ba2b22181b47) Importer(815301076,1909f56bfc062723c751e8b465ee728b)
Start importing Assets/_Game/UI/Prefabs/Loading.prefab using Guid(4a39b466194ca4374b37ba2b22181b47) Importer(815301076,1909f56bfc062723c751e8b465ee728b) [PhysX] Initialized MultithreadedTaskDispatcher with 10 workers.
 -> (artifact id: '61225adcb45a63873b9ffc1cdd05afa8') in 0.026435 seconds
Number of updated asset objects reloaded before import = 0
Number of asset objects unloaded after import = 19
========================================================================
Received Import Request.
  Time since last request: 0.000035 seconds.
  path: Assets/_Game/UI/Prefabs/MessageBubble.prefab
  artifactKey: Guid(68dddc0a7e4e74465a4bc034561c6e9c) Importer(815301076,1909f56bfc062723c751e8b465ee728b)
Start importing Assets/_Game/UI/Prefabs/MessageBubble.prefab using Guid(68dddc0a7e4e74465a4bc034561c6e9c) Importer(815301076,1909f56bfc062723c751e8b465ee728b) [PhysX] Initialized MultithreadedTaskDispatcher with 10 workers.
 -> (artifact id: 'd33fe5364935d0e039d99d856b13ef04') in 0.038320 seconds
Number of updated asset objects reloaded before import = 0
Number of asset objects unloaded after import = 31
========================================================================
Received Import Request.
  Time since last request: 0.000055 seconds.
  path: Assets/_Game/UI/Prefabs/BtnIconTip.prefab
  artifactKey: Guid(9789b81f550b9d942a159742aefb2e20) Importer(815301076,1909f56bfc062723c751e8b465ee728b)
Start importing Assets/_Game/UI/Prefabs/BtnIconTip.prefab using Guid(9789b81f550b9d942a159742aefb2e20) Importer(815301076,1909f56bfc062723c751e8b465ee728b) [PhysX] Initialized MultithreadedTaskDispatcher with 10 workers.
 -> (artifact id: 'c3b05be98e50a8dfae401dfc6e3e4919') in 0.018571 seconds
Number of updated asset objects reloaded before import = 0
Number of asset objects unloaded after import = 28
========================================================================
Received Import Request.
  Time since last request: 0.000039 seconds.
  path: Assets/_Game/Prefabs/TrailParticle/GoodTrailParticle.prefab
  artifactKey: Guid(f7148680f6edb4295af7fabdc1c69ae0) Importer(815301076,1909f56bfc062723c751e8b465ee728b)
Start importing Assets/_Game/Prefabs/TrailParticle/GoodTrailParticle.prefab using Guid(f7148680f6edb4295af7fabdc1c69ae0) Importer(815301076,1909f56bfc062723c751e8b465ee728b) [PhysX] Initialized MultithreadedTaskDispatcher with 10 workers.
 -> (artifact id: 'daa1c3047d37a22c5b6775128df099f9') in 0.001599 seconds
Number of updated asset objects reloaded before import = 0
Number of asset objects unloaded after import = 7
========================================================================
Received Import Request.
  Time since last request: 0.000135 seconds.
  path: Assets/_Game/UI/Prefabs/StageProgressBar.prefab
  artifactKey: Guid(aa93222f453a6c24b9fe5e710687e7b6) Importer(815301076,1909f56bfc062723c751e8b465ee728b)
Start importing Assets/_Game/UI/Prefabs/StageProgressBar.prefab using Guid(aa93222f453a6c24b9fe5e710687e7b6) Importer(815301076,1909f56bfc062723c751e8b465ee728b) [PhysX] Initialized MultithreadedTaskDispatcher with 10 workers.
 -> (artifact id: '29d32fd1835e682b5f9fa93aea24b9f4') in 0.016956 seconds
Number of updated asset objects reloaded before import = 0
Number of asset objects unloaded after import = 42
========================================================================
Received Import Request.
  Time since last request: 0.000054 seconds.
  path: Assets/_Game/UI/Prefabs/CurrencyBar.prefab
  artifactKey: Guid(870a19eb0a7c17a42b3f7c7a82a0089c) Importer(815301076,1909f56bfc062723c751e8b465ee728b)
Start importing Assets/_Game/UI/Prefabs/CurrencyBar.prefab using Guid(870a19eb0a7c17a42b3f7c7a82a0089c) Importer(815301076,1909f56bfc062723c751e8b465ee728b) [PhysX] Initialized MultithreadedTaskDispatcher with 10 workers.
 -> (artifact id: '85a17d699f6e6ee0ec993602369e1d94') in 0.016591 seconds
Number of updated asset objects reloaded before import = 0
Number of asset objects unloaded after import = 23
========================================================================
Received Import Request.
  Time since last request: 0.000111 seconds.
  path: Assets/_Game/Prefabs/TrailParticle/TrailParticlePool.prefab
  artifactKey: Guid(61e30651aa073477d924573fe057d542) Importer(815301076,1909f56bfc062723c751e8b465ee728b)
Start importing Assets/_Game/Prefabs/TrailParticle/TrailParticlePool.prefab using Guid(61e30651aa073477d924573fe057d542) Importer(815301076,1909f56bfc062723c751e8b465ee728b) [PhysX] Initialized MultithreadedTaskDispatcher with 10 workers.
 -> (artifact id: '4c101fee4e9f33b589b5de88cd692152') in 0.002017 seconds
Number of updated asset objects reloaded before import = 0
Number of asset objects unloaded after import = 35
========================================================================
Received Import Request.
  Time since last request: 0.000153 seconds.
  path: Assets/_Game/Prefabs/ApplicationController.prefab
  artifactKey: Guid(04d2c9c43d862ee4288ebce081a93899) Importer(815301076,1909f56bfc062723c751e8b465ee728b)
Start importing Assets/_Game/Prefabs/ApplicationController.prefab using Guid(04d2c9c43d862ee4288ebce081a93899) Importer(815301076,1909f56bfc062723c751e8b465ee728b) [PhysX] Initialized MultithreadedTaskDispatcher with 10 workers.
 -> (artifact id: '0f40c23056cec6812f3b18d889d3ce33') in 0.001699 seconds
Number of updated asset objects reloaded before import = 0
Number of asset objects unloaded after import = 5
========================================================================
Received Import Request.
  Time since last request: 0.000140 seconds.
  path: Assets/_Game/Prefabs/TrailParticle/CoinTrailParticle.prefab
  artifactKey: Guid(88f07d64436924c5980fa13b141671db) Importer(815301076,1909f56bfc062723c751e8b465ee728b)
Start importing Assets/_Game/Prefabs/TrailParticle/CoinTrailParticle.prefab using Guid(88f07d64436924c5980fa13b141671db) Importer(815301076,1909f56bfc062723c751e8b465ee728b) [PhysX] Initialized MultithreadedTaskDispatcher with 10 workers.
 -> (artifact id: '6687719fc9b6210d21c4b442d0f61c5e') in 0.001025 seconds
Number of updated asset objects reloaded before import = 0
Number of asset objects unloaded after import = 8
========================================================================
Received Import Request.
  Time since last request: 0.000110 seconds.
  path: Assets/ViewSystemResources/Canvas.prefab
  artifactKey: Guid(b9fbb182f4f844cd699233ab7f27d2a6) Importer(815301076,1909f56bfc062723c751e8b465ee728b)
Start importing Assets/ViewSystemResources/Canvas.prefab using Guid(b9fbb182f4f844cd699233ab7f27d2a6) Importer(815301076,1909f56bfc062723c751e8b465ee728b) [PhysX] Initialized MultithreadedTaskDispatcher with 10 workers.
 -> (artifact id: 'f1bfabe0ff0c18fe46e21b7345ebb469') in 0.001833 seconds
Number of updated asset objects reloaded before import = 0
Number of asset objects unloaded after import = 9
========================================================================
Received Import Request.
  Time since last request: 0.000163 seconds.
  path: Assets/_Game/UI/Prefabs/CommonMessageBox.prefab
  artifactKey: Guid(42383333289ad6c45830ca057743e98f) Importer(815301076,1909f56bfc062723c751e8b465ee728b)
Start importing Assets/_Game/UI/Prefabs/CommonMessageBox.prefab using Guid(42383333289ad6c45830ca057743e98f) Importer(815301076,1909f56bfc062723c751e8b465ee728b) [PhysX] Initialized MultithreadedTaskDispatcher with 10 workers.
 -> (artifact id: '7023121d88dc5088c226466ecb7be177') in 0.019957 seconds
Number of updated asset objects reloaded before import = 0
Number of asset objects unloaded after import = 97
========================================================================
Received Import Request.
  Time since last request: 0.001080 seconds.
  path: Assets/_Game/UI/Prefabs/Message.prefab
  artifactKey: Guid(e4344b4f0be124e14aae6aa90efb99e2) Importer(815301076,1909f56bfc062723c751e8b465ee728b)
Start importing Assets/_Game/UI/Prefabs/Message.prefab using Guid(e4344b4f0be124e14aae6aa90efb99e2) Importer(815301076,1909f56bfc062723c751e8b465ee728b) [PhysX] Initialized MultithreadedTaskDispatcher with 10 workers.
 -> (artifact id: 'e9a460dc6f676c5456c0ea741c00c077') in 0.015696 seconds
Number of updated asset objects reloaded before import = 0
Number of asset objects unloaded after import = 17
========================================================================
Received Import Request.
  Time since last request: 0.000039 seconds.
  path: Assets/_Game/UI/Prefabs/NavigationBar.prefab
  artifactKey: Guid(925e49f8b78258b4fb524217277ed504) Importer(815301076,1909f56bfc062723c751e8b465ee728b)
Start importing Assets/_Game/UI/Prefabs/NavigationBar.prefab using Guid(925e49f8b78258b4fb524217277ed504) Importer(815301076,1909f56bfc062723c751e8b465ee728b) [PhysX] Initialized MultithreadedTaskDispatcher with 10 workers.
 -> (artifact id: 'ebcedcda8f4e9b5bc4a70a51f3394e86') in 0.006559 seconds
Number of updated asset objects reloaded before import = 0
Number of asset objects unloaded after import = 167
========================================================================
Received Import Request.
  Time since last request: 0.000039 seconds.
  path: Assets/_Game/UI/Prefabs/NoticePoint.prefab
  artifactKey: Guid(ed3095120de0fef48b6651e516cd0b39) Importer(815301076,1909f56bfc062723c751e8b465ee728b)
Start importing Assets/_Game/UI/Prefabs/NoticePoint.prefab using Guid(ed3095120de0fef48b6651e516cd0b39) Importer(815301076,1909f56bfc062723c751e8b465ee728b) [PhysX] Initialized MultithreadedTaskDispatcher with 10 workers.
 -> (artifact id: '0cf589a827f0873167234d7473304f0c') in 0.001068 seconds
Number of updated asset objects reloaded before import = 0
Number of asset objects unloaded after import = 7
========================================================================
Received Import Request.
  Time since last request: 160.447678 seconds.
  path: Assets/_Game/UI/Prefabs/BtnRect 1.prefab
  artifactKey: Guid(9913a0877887c41fe828d7ddd69cd3ac) Importer(815301076,1909f56bfc062723c751e8b465ee728b)
Start importing Assets/_Game/UI/Prefabs/BtnRect 1.prefab using Guid(9913a0877887c41fe828d7ddd69cd3ac) Importer(815301076,1909f56bfc062723c751e8b465ee728b) [PhysX] Initialized MultithreadedTaskDispatcher with 10 workers.
 -> (artifact id: '5b04d96b39f82fd72e188f1e04d8b319') in 0.021099 seconds
Number of updated asset objects reloaded before import = 0
Number of asset objects unloaded after import = 38
========================================================================
Received Import Request.
  Time since last request: 4.361752 seconds.
  path: Assets/_Game/UI/Prefabs/BasicBtn.prefab
  artifactKey: Guid(9913a0877887c41fe828d7ddd69cd3ac) Importer(815301076,1909f56bfc062723c751e8b465ee728b)
Start importing Assets/_Game/UI/Prefabs/BasicBtn.prefab using Guid(9913a0877887c41fe828d7ddd69cd3ac) Importer(815301076,1909f56bfc062723c751e8b465ee728b) [PhysX] Initialized MultithreadedTaskDispatcher with 10 workers.
 -> (artifact id: '4cec666a85c4d18c5684c7926ae15a55') in 0.017417 seconds
Number of updated asset objects reloaded before import = 0
Number of asset objects unloaded after import = 38
========================================================================
Received Import Request.
  Time since last request: 37.805764 seconds.
  path: Assets/_Game/UI/Prefabs/BtnRect.prefab
  artifactKey: Guid(4938f3d90ce924dc589fa892ae009e94) Importer(815301076,1909f56bfc062723c751e8b465ee728b)
Start importing Assets/_Game/UI/Prefabs/BtnRect.prefab using Guid(4938f3d90ce924dc589fa892ae009e94) Importer(815301076,1909f56bfc062723c751e8b465ee728b) [PhysX] Initialized MultithreadedTaskDispatcher with 10 workers.
 -> (artifact id: '75871ce5d2aca008ba9c1185d7411803') in 0.034031 seconds
Number of updated asset objects reloaded before import = 0
Number of asset objects unloaded after import = 38
========================================================================
Received Import Request.
  Time since last request: 33.586440 seconds.
  path: Assets/_Game/UI/Prefabs/BasicBtn2.prefab
  artifactKey: Guid(4938f3d90ce924dc589fa892ae009e94) Importer(815301076,1909f56bfc062723c751e8b465ee728b)
Start importing Assets/_Game/UI/Prefabs/BasicBtn2.prefab using Guid(4938f3d90ce924dc589fa892ae009e94) Importer(815301076,1909f56bfc062723c751e8b465ee728b) [PhysX] Initialized MultithreadedTaskDispatcher with 10 workers.
 -> (artifact id: '3de4044eb27c9cf12239cb6cd98ab884') in 0.019409 seconds
Number of updated asset objects reloaded before import = 0
Number of asset objects unloaded after import = 38
========================================================================
Received Import Request.
  Time since last request: 6.061113 seconds.
  path: Assets/_Game/UI/Prefabs/BtnRect.prefab
  artifactKey: Guid(9913a0877887c41fe828d7ddd69cd3ac) Importer(815301076,1909f56bfc062723c751e8b465ee728b)
Start importing Assets/_Game/UI/Prefabs/BtnRect.prefab using Guid(9913a0877887c41fe828d7ddd69cd3ac) Importer(815301076,1909f56bfc062723c751e8b465ee728b) [PhysX] Initialized MultithreadedTaskDispatcher with 10 workers.
 -> (artifact id: '8734105513e36de8b398fd0f050f2eb6') in 0.015792 seconds
Number of updated asset objects reloaded before import = 0
Number of asset objects unloaded after import = 38
========================================================================
Received Import Request.
  Time since last request: 3.667191 seconds.
  path: Assets/_Game/UI/Prefabs/BasicBtn1.prefab
  artifactKey: Guid(4938f3d90ce924dc589fa892ae009e94) Importer(815301076,1909f56bfc062723c751e8b465ee728b)
Start importing Assets/_Game/UI/Prefabs/BasicBtn1.prefab using Guid(4938f3d90ce924dc589fa892ae009e94) Importer(815301076,1909f56bfc062723c751e8b465ee728b) [PhysX] Initialized MultithreadedTaskDispatcher with 10 workers.
 -> (artifact id: '9ea051fd86c788fa5e1a1d188e9e3cf9') in 0.016407 seconds
Number of updated asset objects reloaded before import = 0
Number of asset objects unloaded after import = 38
========================================================================
Received Import Request.
  Time since last request: 7.710218 seconds.
  path: Assets/_Game/UI/Prefabs/BtnRect MessageBox Variant.prefab
  artifactKey: Guid(6d899987756d748e38cbc962f355ed51) Importer(815301076,1909f56bfc062723c751e8b465ee728b)
Start importing Assets/_Game/UI/Prefabs/BtnRect MessageBox Variant.prefab using Guid(6d899987756d748e38cbc962f355ed51) Importer(815301076,1909f56bfc062723c751e8b465ee728b) [PhysX] Initialized MultithreadedTaskDispatcher with 10 workers.
 -> (artifact id: 'c3f4fa85c9a1a7c3945a69ca1261b21b') in 0.018745 seconds
Number of updated asset objects reloaded before import = 0
Number of asset objects unloaded after import = 68
========================================================================
Received Import Request.
  Time since last request: 14.471545 seconds.
  path: Assets/_Game/UI/Prefabs/BtnRect MessageBox Variant.prefab
  artifactKey: Guid(6d899987756d748e38cbc962f355ed51) Importer(815301076,1909f56bfc062723c751e8b465ee728b)
Start importing Assets/_Game/UI/Prefabs/BtnRect MessageBox Variant.prefab using Guid(6d899987756d748e38cbc962f355ed51) Importer(815301076,1909f56bfc062723c751e8b465ee728b) [PhysX] Initialized MultithreadedTaskDispatcher with 10 workers.
 -> (artifact id: '925e30639b6bc658f5fd51b7506763fd') in 0.018717 seconds
Number of updated asset objects reloaded before import = 0
Number of asset objects unloaded after import = 68
========================================================================
Received Import Request.
  Time since last request: 1.352924 seconds.
  path: Assets/_Game/UI/Prefabs/BasicBtn1.prefab
  artifactKey: Guid(4938f3d90ce924dc589fa892ae009e94) Importer(815301076,1909f56bfc062723c751e8b465ee728b)
Start importing Assets/_Game/UI/Prefabs/BasicBtn1.prefab using Guid(4938f3d90ce924dc589fa892ae009e94) Importer(815301076,1909f56bfc062723c751e8b465ee728b) [PhysX] Initialized MultithreadedTaskDispatcher with 10 workers.
 -> (artifact id: '1baa503ab9eedfadf6017a678c0207c9') in 0.022037 seconds
Number of updated asset objects reloaded before import = 0
Number of asset objects unloaded after import = 38
========================================================================
Received Import Request.
  Time since last request: 7.203780 seconds.
  path: Assets/_Game/UI/Prefabs/BasicBtn.prefab
  artifactKey: Guid(4938f3d90ce924dc589fa892ae009e94) Importer(815301076,1909f56bfc062723c751e8b465ee728b)
Start importing Assets/_Game/UI/Prefabs/BasicBtn.prefab using Guid(4938f3d90ce924dc589fa892ae009e94) Importer(815301076,1909f56bfc062723c751e8b465ee728b) [PhysX] Initialized MultithreadedTaskDispatcher with 10 workers.
 -> (artifact id: '299d049bdff9118b25587a478eeaa29b') in 0.017743 seconds
Number of updated asset objects reloaded before import = 0
Number of asset objects unloaded after import = 38
========================================================================
Received Import Request.
  Time since last request: 12.942416 seconds.
  path: Assets/_Game/UI/Prefabs/BtnRect MessageBox Variant.prefab
  artifactKey: Guid(6d899987756d748e38cbc962f355ed51) Importer(815301076,1909f56bfc062723c751e8b465ee728b)
Start importing Assets/_Game/UI/Prefabs/BtnRect MessageBox Variant.prefab using Guid(6d899987756d748e38cbc962f355ed51) Importer(815301076,1909f56bfc062723c751e8b465ee728b) [PhysX] Initialized MultithreadedTaskDispatcher with 10 workers.
 -> (artifact id: '9892cba7f5687ea945c74e6a63aa5b05') in 0.018801 seconds
Number of updated asset objects reloaded before import = 0
Number of asset objects unloaded after import = 68
[usbmuxd] Attached: 53 00008110-001638420E81401E
========================================================================
Received Import Request.
  Time since last request: 292.035525 seconds.
  path: Assets/_Game/UI/Prefabs/BasicBtn.prefab
  artifactKey: Guid(4938f3d90ce924dc589fa892ae009e94) Importer(815301076,1909f56bfc062723c751e8b465ee728b)
Start importing Assets/_Game/UI/Prefabs/BasicBtn.prefab using Guid(4938f3d90ce924dc589fa892ae009e94) Importer(815301076,1909f56bfc062723c751e8b465ee728b) [PhysX] Initialized MultithreadedTaskDispatcher with 10 workers.
 -> (artifact id: '5f475c14e6bec91fbef957da4e67e003') in 0.024129 seconds
Number of updated asset objects reloaded before import = 0
Number of asset objects unloaded after import = 38
[usbmuxd] Detached: 53 00008110-001638420E81401E
[usbmuxd] Attached: 54 00008110-001638420E81401E
[usbmuxd] Detached: 54 00008110-001638420E81401E
[usbmuxd] Attached: 55 00008110-001638420E81401E
[usbmuxd] Detached: 55 00008110-001638420E81401E
[usbmuxd] Attached: 56 00008110-001638420E81401E
